  XmlRpcClient.cpp
C:\Users\Usuario\Desktop\RepoProgramacion\CASTEL_POO_2024\L13784_TP3_v2\xmlrpc++0.7\xmlrpc++0.7\src\XmlRpcClient.cpp(252,16): warning C4477: 'sprintf' : la cadena de formato '%d' requiere un argumento de tipo 'int', pero el argumento variádico 1 tiene el tipo 'unsigned __int64'
      C:\Users\Usuario\Desktop\RepoProgramacion\CASTEL_POO_2024\L13784_TP3_v2\xmlrpc++0.7\xmlrpc++0.7\src\XmlRpcClient.cpp(252,16):
      considere el uso de ' %zd' en la cadena de formato
  
C:\Users\Usuario\Desktop\RepoProgramacion\CASTEL_POO_2024\L13784_TP3_v2\xmlrpc++0.7\xmlrpc++0.7\src\XmlRpcClient.cpp(247,3): error C4996: 'sprintf': This function or variable may be unsafe. Consider using sprintf_s instead. To disable deprecation, use _CRT_SECURE_NO_WARNINGS. See online help for details.
C:\Users\Usuario\Desktop\RepoProgramacion\CASTEL_POO_2024\L13784_TP3_v2\xmlrpc++0.7\xmlrpc++0.7\src\XmlRpcClient.cpp(252,3): error C4996: 'sprintf': This function or variable may be unsafe. Consider using sprintf_s instead. To disable deprecation, use _CRT_SECURE_NO_WARNINGS. See online help for details.
  XmlRpcDispatch.cpp
C:\Program Files (x86)\Windows Kits\10\Include\10.0.22621.0\shared\ws2def.h(103,9): warning C4005: 'AF_IPX': redefinición de macro
  (compilando archivo de origen "../../xmlrpc++0.7/xmlrpc++0.7/src/XmlRpcDispatch.cpp")
      C:\Program Files (x86)\Windows Kits\10\Include\10.0.22621.0\um\winsock.h(457,9):
      vea la definición anterior de “AF_IPX”
  
C:\Program Files (x86)\Windows Kits\10\Include\10.0.22621.0\shared\ws2def.h(147,9): warning C4005: 'AF_MAX': redefinición de macro
  (compilando archivo de origen "../../xmlrpc++0.7/xmlrpc++0.7/src/XmlRpcDispatch.cpp")
      C:\Program Files (x86)\Windows Kits\10\Include\10.0.22621.0\um\winsock.h(476,9):
      vea la definición anterior de “AF_MAX”
  
C:\Program Files (x86)\Windows Kits\10\Include\10.0.22621.0\shared\ws2def.h(187,9): warning C4005: 'SO_DONTLINGER': redefinición de macro
  (compilando archivo de origen "../../xmlrpc++0.7/xmlrpc++0.7/src/XmlRpcDispatch.cpp")
      C:\Program Files (x86)\Windows Kits\10\Include\10.0.22621.0\um\winsock.h(399,9):
      vea la definición anterior de “SO_DONTLINGER”
  
C:\Program Files (x86)\Windows Kits\10\Include\10.0.22621.0\shared\ws2def.h(240,16): error C2011: 'sockaddr': nueva definición del tipo 'struct'
  (compilando archivo de origen "../../xmlrpc++0.7/xmlrpc++0.7/src/XmlRpcDispatch.cpp")
      C:\Program Files (x86)\Windows Kits\10\Include\10.0.22621.0\um\winsock.h(482,8):
      vea la declaración de 'sockaddr'
  
C:\Program Files (x86)\Windows Kits\10\Include\10.0.22621.0\shared\ws2def.h(442,5): error C2143: error de sintaxis: falta '}' delante de 'constante'
  (compilando archivo de origen "../../xmlrpc++0.7/xmlrpc++0.7/src/XmlRpcDispatch.cpp")
  
C:\Program Files (x86)\Windows Kits\10\Include\10.0.22621.0\shared\ws2def.h(442,5): error C2059: error de sintaxis: 'constante'
  (compilando archivo de origen "../../xmlrpc++0.7/xmlrpc++0.7/src/XmlRpcDispatch.cpp")
  
C:\Program Files (x86)\Windows Kits\10\Include\10.0.22621.0\shared\ws2def.h(496,1): error C2143: error de sintaxis: falta ';' delante de '}'
  (compilando archivo de origen "../../xmlrpc++0.7/xmlrpc++0.7/src/XmlRpcDispatch.cpp")
  
C:\Program Files (x86)\Windows Kits\10\Include\10.0.22621.0\shared\ws2def.h(496,3): error C4430: falta el especificador de tipo; se presupone int. Nota: C++ no admite default-int
  (compilando archivo de origen "../../xmlrpc++0.7/xmlrpc++0.7/src/XmlRpcDispatch.cpp")
  
C:\Program Files (x86)\Windows Kits\10\Include\10.0.22621.0\shared\ws2def.h(496,13): error C4430: falta el especificador de tipo; se presupone int. Nota: C++ no admite default-int
  (compilando archivo de origen "../../xmlrpc++0.7/xmlrpc++0.7/src/XmlRpcDispatch.cpp")
  
C:\Program Files (x86)\Windows Kits\10\Include\10.0.22621.0\shared\ws2def.h(577,9): warning C4005: 'IN_CLASSA': redefinición de macro
  (compilando archivo de origen "../../xmlrpc++0.7/xmlrpc++0.7/src/XmlRpcDispatch.cpp")
      C:\Program Files (x86)\Windows Kits\10\Include\10.0.22621.0\um\winsock.h(284,9):
      vea la definición anterior de “IN_CLASSA”
  
C:\Program Files (x86)\Windows Kits\10\Include\10.0.22621.0\shared\ws2def.h(583,9): warning C4005: 'IN_CLASSB': redefinición de macro
  (compilando archivo de origen "../../xmlrpc++0.7/xmlrpc++0.7/src/XmlRpcDispatch.cpp")
      C:\Program Files (x86)\Windows Kits\10\Include\10.0.22621.0\um\winsock.h(290,9):
      vea la definición anterior de “IN_CLASSB”
  
C:\Program Files (x86)\Windows Kits\10\Include\10.0.22621.0\shared\ws2def.h(589,9): warning C4005: 'IN_CLASSC': redefinición de macro
  (compilando archivo de origen "../../xmlrpc++0.7/xmlrpc++0.7/src/XmlRpcDispatch.cpp")
      C:\Program Files (x86)\Windows Kits\10\Include\10.0.22621.0\um\winsock.h(296,9):
      vea la definición anterior de “IN_CLASSC”
  
C:\Program Files (x86)\Windows Kits\10\Include\10.0.22621.0\shared\ws2def.h(600,9): warning C4005: 'INADDR_ANY': redefinición de macro
  (compilando archivo de origen "../../xmlrpc++0.7/xmlrpc++0.7/src/XmlRpcDispatch.cpp")
      C:\Program Files (x86)\Windows Kits\10\Include\10.0.22621.0\um\winsock.h(301,9):
      vea la definición anterior de “INADDR_ANY”
  
C:\Program Files (x86)\Windows Kits\10\Include\10.0.22621.0\shared\ws2def.h(602,9): warning C4005: 'INADDR_BROADCAST': redefinición de macro
  (compilando archivo de origen "../../xmlrpc++0.7/xmlrpc++0.7/src/XmlRpcDispatch.cpp")
      C:\Program Files (x86)\Windows Kits\10\Include\10.0.22621.0\um\winsock.h(303,9):
      vea la definición anterior de “INADDR_BROADCAST”
  
C:\Program Files (x86)\Windows Kits\10\Include\10.0.22621.0\shared\ws2def.h(638,16): error C2011: 'sockaddr_in': nueva definición del tipo 'struct'
  (compilando archivo de origen "../../xmlrpc++0.7/xmlrpc++0.7/src/XmlRpcDispatch.cpp")
      C:\Program Files (x86)\Windows Kits\10\Include\10.0.22621.0\um\winsock.h(309,8):
      vea la declaración de 'sockaddr_in'
  
C:\Program Files (x86)\Windows Kits\10\Include\10.0.22621.0\um\winsock2.h(136,16): error C2011: 'fd_set': nueva definición del tipo 'struct'
  (compilando archivo de origen "../../xmlrpc++0.7/xmlrpc++0.7/src/XmlRpcDispatch.cpp")
      C:\Program Files (x86)\Windows Kits\10\Include\10.0.22621.0\um\winsock.h(65,16):
      vea la declaración de 'fd_set'
  
C:\Program Files (x86)\Windows Kits\10\Include\10.0.22621.0\um\winsock2.h(158,9): warning C4005: 'FD_SET': redefinición de macro
  (compilando archivo de origen "../../xmlrpc++0.7/xmlrpc++0.7/src/XmlRpcDispatch.cpp")
      C:\Program Files (x86)\Windows Kits\10\Include\10.0.22621.0\um\winsock.h(96,9):
      vea la definición anterior de “FD_SET”
  
C:\Program Files (x86)\Windows Kits\10\Include\10.0.22621.0\um\winsock2.h(180,8): error C2011: 'timeval': nueva definición del tipo 'struct'
  (compilando archivo de origen "../../xmlrpc++0.7/xmlrpc++0.7/src/XmlRpcDispatch.cpp")
      C:\Program Files (x86)\Windows Kits\10\Include\10.0.22621.0\um\winsock.h(108,8):
      vea la declaración de 'timeval'
  
C:\Program Files (x86)\Windows Kits\10\Include\10.0.22621.0\um\winsock2.h(236,9): error C2011: 'hostent': nueva definición del tipo 'struct'
  (compilando archivo de origen "../../xmlrpc++0.7/xmlrpc++0.7/src/XmlRpcDispatch.cpp")
      C:\Program Files (x86)\Windows Kits\10\Include\10.0.22621.0\um\winsock.h(164,9):
      vea la declaración de 'hostent'
  
C:\Program Files (x86)\Windows Kits\10\Include\10.0.22621.0\um\winsock2.h(249,9): error C2011: 'netent': nueva definición del tipo 'struct'
  (compilando archivo de origen "../../xmlrpc++0.7/xmlrpc++0.7/src/XmlRpcDispatch.cpp")
      C:\Program Files (x86)\Windows Kits\10\Include\10.0.22621.0\um\winsock.h(177,9):
      vea la declaración de 'netent'
  
C:\Program Files (x86)\Windows Kits\10\Include\10.0.22621.0\um\winsock2.h(256,9): error C2011: 'servent': nueva definición del tipo 'struct'
  (compilando archivo de origen "../../xmlrpc++0.7/xmlrpc++0.7/src/XmlRpcDispatch.cpp")
      C:\Program Files (x86)\Windows Kits\10\Include\10.0.22621.0\um\winsock.h(184,9):
      vea la declaración de 'servent'
  
C:\Program Files (x86)\Windows Kits\10\Include\10.0.22621.0\um\winsock2.h(268,9): error C2011: 'protoent': nueva definición del tipo 'struct'
  (compilando archivo de origen "../../xmlrpc++0.7/xmlrpc++0.7/src/XmlRpcDispatch.cpp")
      C:\Program Files (x86)\Windows Kits\10\Include\10.0.22621.0\um\winsock.h(196,9):
      vea la declaración de 'protoent'
  
C:\Program Files (x86)\Windows Kits\10\Include\10.0.22621.0\um\winsock2.h(364,16): error C2011: 'WSAData': nueva definición del tipo 'struct'
  (compilando archivo de origen "../../xmlrpc++0.7/xmlrpc++0.7/src/XmlRpcDispatch.cpp")
      C:\Program Files (x86)\Windows Kits\10\Include\10.0.22621.0\um\winsock.h(319,16):
      vea la declaración de 'WSAData'
  
C:\Program Files (x86)\Windows Kits\10\Include\10.0.22621.0\um\winsock2.h(462,8): error C2011: 'sockproto': nueva definición del tipo 'struct'
  (compilando archivo de origen "../../xmlrpc++0.7/xmlrpc++0.7/src/XmlRpcDispatch.cpp")
      C:\Program Files (x86)\Windows Kits\10\Include\10.0.22621.0\um\winsock.h(491,8):
      vea la declaración de 'sockproto'
  
C:\Program Files (x86)\Windows Kits\10\Include\10.0.22621.0\um\winsock2.h(504,9): error C2011: 'linger': nueva definición del tipo 'struct'
  (compilando archivo de origen "../../xmlrpc++0.7/xmlrpc++0.7/src/XmlRpcDispatch.cpp")
      C:\Program Files (x86)\Windows Kits\10\Include\10.0.22621.0\um\winsock.h(528,9):
      vea la declaración de 'linger'
  
C:\Program Files (x86)\Windows Kits\10\Include\10.0.22621.0\um\winsock2.h(517,9): warning C4005: 'SOMAXCONN': redefinición de macro
  (compilando archivo de origen "../../xmlrpc++0.7/xmlrpc++0.7/src/XmlRpcDispatch.cpp")
      C:\Program Files (x86)\Windows Kits\10\Include\10.0.22621.0\um\winsock.h(541,9):
      vea la definición anterior de “SOMAXCONN”
  
C:\Program Files (x86)\Windows Kits\10\Include\10.0.22621.0\um\winsock2.h(551,9): warning C4005: 'FD_READ': redefinición de macro
  (compilando archivo de origen "../../xmlrpc++0.7/xmlrpc++0.7/src/XmlRpcDispatch.cpp")
      C:\Program Files (x86)\Windows Kits\10\Include\10.0.22621.0\um\winsock.h(559,9):
      vea la definición anterior de “FD_READ”
  
C:\Program Files (x86)\Windows Kits\10\Include\10.0.22621.0\um\winsock2.h(554,9): warning C4005: 'FD_WRITE': redefinición de macro
  (compilando archivo de origen "../../xmlrpc++0.7/xmlrpc++0.7/src/XmlRpcDispatch.cpp")
      C:\Program Files (x86)\Windows Kits\10\Include\10.0.22621.0\um\winsock.h(560,9):
      vea la definición anterior de “FD_WRITE”
  
C:\Program Files (x86)\Windows Kits\10\Include\10.0.22621.0\um\winsock2.h(557,9): warning C4005: 'FD_OOB': redefinición de macro
  (compilando archivo de origen "../../xmlrpc++0.7/xmlrpc++0.7/src/XmlRpcDispatch.cpp")
      C:\Program Files (x86)\Windows Kits\10\Include\10.0.22621.0\um\winsock.h(561,9):
      vea la definición anterior de “FD_OOB”
  
C:\Program Files (x86)\Windows Kits\10\Include\10.0.22621.0\um\winsock2.h(560,9): warning C4005: 'FD_ACCEPT': redefinición de macro
  (compilando archivo de origen "../../xmlrpc++0.7/xmlrpc++0.7/src/XmlRpcDispatch.cpp")
      C:\Program Files (x86)\Windows Kits\10\Include\10.0.22621.0\um\winsock.h(562,9):
      vea la definición anterior de “FD_ACCEPT”
  
C:\Program Files (x86)\Windows Kits\10\Include\10.0.22621.0\um\winsock2.h(563,9): warning C4005: 'FD_CONNECT': redefinición de macro
  (compilando archivo de origen "../../xmlrpc++0.7/xmlrpc++0.7/src/XmlRpcDispatch.cpp")
      C:\Program Files (x86)\Windows Kits\10\Include\10.0.22621.0\um\winsock.h(563,9):
      vea la definición anterior de “FD_CONNECT”
  
C:\Program Files (x86)\Windows Kits\10\Include\10.0.22621.0\um\winsock2.h(566,9): warning C4005: 'FD_CLOSE': redefinición de macro
  (compilando archivo de origen "../../xmlrpc++0.7/xmlrpc++0.7/src/XmlRpcDispatch.cpp")
      C:\Program Files (x86)\Windows Kits\10\Include\10.0.22621.0\um\winsock.h(564,9):
      vea la definición anterior de “FD_CLOSE”
  
C:\Program Files (x86)\Windows Kits\10\Include\10.0.22621.0\um\winsock2.h(1631,1): error C2375: 'accept': nueva definición; vinculación distinta
  (compilando archivo de origen "../../xmlrpc++0.7/xmlrpc++0.7/src/XmlRpcDispatch.cpp")
      C:\Program Files (x86)\Windows Kits\10\Include\10.0.22621.0\um\winsock.h(739,19):
      vea la declaración de 'accept'
  
C:\Program Files (x86)\Windows Kits\10\Include\10.0.22621.0\um\winsock2.h(1653,1): error C2375: 'bind': nueva definición; vinculación distinta
  (compilando archivo de origen "../../xmlrpc++0.7/xmlrpc++0.7/src/XmlRpcDispatch.cpp")
      C:\Program Files (x86)\Windows Kits\10\Include\10.0.22621.0\um\winsock.h(744,16):
      vea la declaración de 'bind'
  
C:\Program Files (x86)\Windows Kits\10\Include\10.0.22621.0\um\winsock2.h(1674,1): error C2375: 'closesocket': nueva definición; vinculación distinta
  (compilando archivo de origen "../../xmlrpc++0.7/xmlrpc++0.7/src/XmlRpcDispatch.cpp")
      C:\Program Files (x86)\Windows Kits\10\Include\10.0.22621.0\um\winsock.h(749,16):
      vea la declaración de 'closesocket'
  
C:\Program Files (x86)\Windows Kits\10\Include\10.0.22621.0\um\winsock2.h(1691,1): error C2375: 'connect': nueva definición; vinculación distinta
  (compilando archivo de origen "../../xmlrpc++0.7/xmlrpc++0.7/src/XmlRpcDispatch.cpp")
      C:\Program Files (x86)\Windows Kits\10\Include\10.0.22621.0\um\winsock.h(751,16):
      vea la declaración de 'connect'
  
C:\Program Files (x86)\Windows Kits\10\Include\10.0.22621.0\um\winsock2.h(1712,1): error C2375: 'ioctlsocket': nueva definición; vinculación distinta
  (compilando archivo de origen "../../xmlrpc++0.7/xmlrpc++0.7/src/XmlRpcDispatch.cpp")
      C:\Program Files (x86)\Windows Kits\10\Include\10.0.22621.0\um\winsock.h(756,16):
      vea la declaración de 'ioctlsocket'
  
C:\Program Files (x86)\Windows Kits\10\Include\10.0.22621.0\um\winsock2.h(1735,1): error C2375: 'getpeername': nueva definición; vinculación distinta
  (compilando archivo de origen "../../xmlrpc++0.7/xmlrpc++0.7/src/XmlRpcDispatch.cpp")
      C:\Program Files (x86)\Windows Kits\10\Include\10.0.22621.0\um\winsock.h(761,16):
      vea la declaración de 'getpeername'
  
C:\Program Files (x86)\Windows Kits\10\Include\10.0.22621.0\um\winsock2.h(1756,1): error C2375: 'getsockname': nueva definición; vinculación distinta
  (compilando archivo de origen "../../xmlrpc++0.7/xmlrpc++0.7/src/XmlRpcDispatch.cpp")
      C:\Program Files (x86)\Windows Kits\10\Include\10.0.22621.0\um\winsock.h(766,16):
      vea la declaración de 'getsockname'
  
C:\Program Files (x86)\Windows Kits\10\Include\10.0.22621.0\um\winsock2.h(1777,1): error C2375: 'getsockopt': nueva definición; vinculación distinta
  (compilando archivo de origen "../../xmlrpc++0.7/xmlrpc++0.7/src/XmlRpcDispatch.cpp")
      C:\Program Files (x86)\Windows Kits\10\Include\10.0.22621.0\um\winsock.h(771,16):
      vea la declaración de 'getsockopt'
  
C:\Program Files (x86)\Windows Kits\10\Include\10.0.22621.0\um\winsock2.h(1802,1): error C2375: 'htonl': nueva definición; vinculación distinta
  (compilando archivo de origen "../../xmlrpc++0.7/xmlrpc++0.7/src/XmlRpcDispatch.cpp")
      C:\Program Files (x86)\Windows Kits\10\Include\10.0.22621.0\um\winsock.h(778,19):
      vea la declaración de 'htonl'
  
C:\Program Files (x86)\Windows Kits\10\Include\10.0.22621.0\um\winsock2.h(1819,1): error C2375: 'htons': nueva definición; vinculación distinta
  (compilando archivo de origen "../../xmlrpc++0.7/xmlrpc++0.7/src/XmlRpcDispatch.cpp")
      C:\Program Files (x86)\Windows Kits\10\Include\10.0.22621.0\um\winsock.h(780,20):
      vea la declaración de 'htons'
  
C:\Program Files (x86)\Windows Kits\10\Include\10.0.22621.0\um\winsock2.h(1837,1): error C2375: 'inet_addr': nueva definición; vinculación distinta
  (compilando archivo de origen "../../xmlrpc++0.7/xmlrpc++0.7/src/XmlRpcDispatch.cpp")
      C:\Program Files (x86)\Windows Kits\10\Include\10.0.22621.0\um\winsock.h(782,26):
      vea la declaración de 'inet_addr'
  
C:\Program Files (x86)\Windows Kits\10\Include\10.0.22621.0\um\winsock2.h(1855,1): error C2375: 'inet_ntoa': nueva definición; vinculación distinta
  (compilando archivo de origen "../../xmlrpc++0.7/xmlrpc++0.7/src/XmlRpcDispatch.cpp")
      C:\Program Files (x86)\Windows Kits\10\Include\10.0.22621.0\um\winsock.h(784,23):
      vea la declaración de 'inet_ntoa'
  
C:\Program Files (x86)\Windows Kits\10\Include\10.0.22621.0\um\winsock2.h(1955,1): error C2375: 'listen': nueva definición; vinculación distinta
  (compilando archivo de origen "../../xmlrpc++0.7/xmlrpc++0.7/src/XmlRpcDispatch.cpp")
      C:\Program Files (x86)\Windows Kits\10\Include\10.0.22621.0\um\winsock.h(786,16):
      vea la declaración de 'listen'
  
C:\Program Files (x86)\Windows Kits\10\Include\10.0.22621.0\um\winsock2.h(1974,1): error C2375: 'ntohl': nueva definición; vinculación distinta
  (compilando archivo de origen "../../xmlrpc++0.7/xmlrpc++0.7/src/XmlRpcDispatch.cpp")
      C:\Program Files (x86)\Windows Kits\10\Include\10.0.22621.0\um\winsock.h(790,19):
      vea la declaración de 'ntohl'
  
C:\Program Files (x86)\Windows Kits\10\Include\10.0.22621.0\um\winsock2.h(1991,1): error C2375: 'ntohs': nueva definición; vinculación distinta
  (compilando archivo de origen "../../xmlrpc++0.7/xmlrpc++0.7/src/XmlRpcDispatch.cpp")
      C:\Program Files (x86)\Windows Kits\10\Include\10.0.22621.0\um\winsock.h(792,20):
      vea la declaración de 'ntohs'
  
C:\Program Files (x86)\Windows Kits\10\Include\10.0.22621.0\um\winsock2.h(2008,1): error C2375: 'recv': nueva definición; vinculación distinta
  (compilando archivo de origen "../../xmlrpc++0.7/xmlrpc++0.7/src/XmlRpcDispatch.cpp")
      C:\Program Files (x86)\Windows Kits\10\Include\10.0.22621.0\um\winsock.h(794,16):
      vea la declaración de 'recv'
  
C:\Program Files (x86)\Windows Kits\10\Include\10.0.22621.0\um\winsock2.h(2031,1): error C2375: 'recvfrom': nueva definición; vinculación distinta
  (compilando archivo de origen "../../xmlrpc++0.7/xmlrpc++0.7/src/XmlRpcDispatch.cpp")
      C:\Program Files (x86)\Windows Kits\10\Include\10.0.22621.0\um\winsock.h(800,16):
      vea la declaración de 'recvfrom'
  
C:\Program Files (x86)\Windows Kits\10\Include\10.0.22621.0\um\winsock2.h(2058,1): error C2375: 'select': nueva definición; vinculación distinta
  (compilando archivo de origen "../../xmlrpc++0.7/xmlrpc++0.7/src/XmlRpcDispatch.cpp")
      C:\Program Files (x86)\Windows Kits\10\Include\10.0.22621.0\um\winsock.h(808,16):
      vea la declaración de 'select'
  
C:\Program Files (x86)\Windows Kits\10\Include\10.0.22621.0\um\winsock2.h(2083,1): error C2375: 'send': nueva definición; vinculación distinta
  (compilando archivo de origen "../../xmlrpc++0.7/xmlrpc++0.7/src/XmlRpcDispatch.cpp")
      C:\Program Files (x86)\Windows Kits\10\Include\10.0.22621.0\um\winsock.h(815,16):
      vea la declaración de 'send'
  
C:\Program Files (x86)\Windows Kits\10\Include\10.0.22621.0\um\winsock2.h(2106,1): error C2375: 'sendto': nueva definición; vinculación distinta
  (compilando archivo de origen "../../xmlrpc++0.7/xmlrpc++0.7/src/XmlRpcDispatch.cpp")
      C:\Program Files (x86)\Windows Kits\10\Include\10.0.22621.0\um\winsock.h(821,16):
      vea la declaración de 'sendto'
  
C:\Program Files (x86)\Windows Kits\10\Include\10.0.22621.0\um\winsock2.h(2133,1): error C2375: 'setsockopt': nueva definición; vinculación distinta
  (compilando archivo de origen "../../xmlrpc++0.7/xmlrpc++0.7/src/XmlRpcDispatch.cpp")
      C:\Program Files (x86)\Windows Kits\10\Include\10.0.22621.0\um\winsock.h(829,16):
      vea la declaración de 'setsockopt'
  
C:\Program Files (x86)\Windows Kits\10\Include\10.0.22621.0\um\winsock2.h(2158,1): error C2375: 'shutdown': nueva definición; vinculación distinta
  (compilando archivo de origen "../../xmlrpc++0.7/xmlrpc++0.7/src/XmlRpcDispatch.cpp")
      C:\Program Files (x86)\Windows Kits\10\Include\10.0.22621.0\um\winsock.h(836,16):
      vea la declaración de 'shutdown'
  
C:\Program Files (x86)\Windows Kits\10\Include\10.0.22621.0\um\winsock2.h(2178,1): error C2375: 'socket': nueva definición; vinculación distinta
  (compilando archivo de origen "../../xmlrpc++0.7/xmlrpc++0.7/src/XmlRpcDispatch.cpp")
      C:\Program Files (x86)\Windows Kits\10\Include\10.0.22621.0\um\winsock.h(840,19):
      vea la declaración de 'socket'
  
C:\Program Files (x86)\Windows Kits\10\Include\10.0.22621.0\um\winsock2.h(2203,1): error C2375: 'gethostbyaddr': nueva definición; vinculación distinta
  (compilando archivo de origen "../../xmlrpc++0.7/xmlrpc++0.7/src/XmlRpcDispatch.cpp")
      C:\Program Files (x86)\Windows Kits\10\Include\10.0.22621.0\um\winsock.h(847,33):
      vea la declaración de 'gethostbyaddr'
  
C:\Program Files (x86)\Windows Kits\10\Include\10.0.22621.0\um\winsock2.h(2225,1): error C2375: 'gethostbyname': nueva definición; vinculación distinta
  (compilando archivo de origen "../../xmlrpc++0.7/xmlrpc++0.7/src/XmlRpcDispatch.cpp")
      C:\Program Files (x86)\Windows Kits\10\Include\10.0.22621.0\um\winsock.h(852,33):
      vea la declaración de 'gethostbyname'
  
C:\Program Files (x86)\Windows Kits\10\Include\10.0.22621.0\um\winsock2.h(2242,1): error C2375: 'gethostname': nueva definición; vinculación distinta
  (compilando archivo de origen "../../xmlrpc++0.7/xmlrpc++0.7/src/XmlRpcDispatch.cpp")
      C:\Program Files (x86)\Windows Kits\10\Include\10.0.22621.0\um\winsock.h(854,16):
      vea la declaración de 'gethostname'
  
C:\Program Files (x86)\Windows Kits\10\Include\10.0.22621.0\um\winsock2.h(2282,1): error C2375: 'getservbyport': nueva definición; vinculación distinta
  (compilando archivo de origen "../../xmlrpc++0.7/xmlrpc++0.7/src/XmlRpcDispatch.cpp")
      C:\Program Files (x86)\Windows Kits\10\Include\10.0.22621.0\um\winsock.h(858,33):
      vea la declaración de 'getservbyport'
  
C:\Program Files (x86)\Windows Kits\10\Include\10.0.22621.0\um\winsock2.h(2301,1): error C2375: 'getservbyname': nueva definición; vinculación distinta
  (compilando archivo de origen "../../xmlrpc++0.7/xmlrpc++0.7/src/XmlRpcDispatch.cpp")
      C:\Program Files (x86)\Windows Kits\10\Include\10.0.22621.0\um\winsock.h(862,33):
      vea la declaración de 'getservbyname'
  
C:\Program Files (x86)\Windows Kits\10\Include\10.0.22621.0\um\winsock2.h(2320,1): error C2375: 'getprotobynumber': nueva definición; vinculación distinta
  (compilando archivo de origen "../../xmlrpc++0.7/xmlrpc++0.7/src/XmlRpcDispatch.cpp")
      C:\Program Files (x86)\Windows Kits\10\Include\10.0.22621.0\um\winsock.h(866,34):
      vea la declaración de 'getprotobynumber'
  
C:\Program Files (x86)\Windows Kits\10\Include\10.0.22621.0\um\winsock2.h(2337,1): error C2375: 'getprotobyname': nueva definición; vinculación distinta
  (compilando archivo de origen "../../xmlrpc++0.7/xmlrpc++0.7/src/XmlRpcDispatch.cpp")
      C:\Program Files (x86)\Windows Kits\10\Include\10.0.22621.0\um\winsock.h(868,34):
      vea la declaración de 'getprotobyname'
  
C:\Program Files (x86)\Windows Kits\10\Include\10.0.22621.0\um\winsock2.h(2357,1): error C2375: 'WSAStartup': nueva definición; vinculación distinta
  (compilando archivo de origen "../../xmlrpc++0.7/xmlrpc++0.7/src/XmlRpcDispatch.cpp")
      C:\Program Files (x86)\Windows Kits\10\Include\10.0.22621.0\um\winsock.h(872,16):
      vea la declaración de 'WSAStartup'
  
C:\Program Files (x86)\Windows Kits\10\Include\10.0.22621.0\um\winsock2.h(2377,1): error C2375: 'WSACleanup': nueva definición; vinculación distinta
  (compilando archivo de origen "../../xmlrpc++0.7/xmlrpc++0.7/src/XmlRpcDispatch.cpp")
      C:\Program Files (x86)\Windows Kits\10\Include\10.0.22621.0\um\winsock.h(876,16):
      vea la declaración de 'WSACleanup'
  
C:\Program Files (x86)\Windows Kits\10\Include\10.0.22621.0\um\winsock2.h(2394,1): error C2375: 'WSASetLastError': nueva definición; vinculación distinta
  (compilando archivo de origen "../../xmlrpc++0.7/xmlrpc++0.7/src/XmlRpcDispatch.cpp")
      C:\Program Files (x86)\Windows Kits\10\Include\10.0.22621.0\um\winsock.h(878,17):
      vea la declaración de 'WSASetLastError'
  
C:\Program Files (x86)\Windows Kits\10\Include\10.0.22621.0\um\winsock2.h(2411,1): error C2375: 'WSAGetLastError': nueva definición; vinculación distinta
  (compilando archivo de origen "../../xmlrpc++0.7/xmlrpc++0.7/src/XmlRpcDispatch.cpp")
      C:\Program Files (x86)\Windows Kits\10\Include\10.0.22621.0\um\winsock.h(880,16):
      vea la declaración de 'WSAGetLastError'
  
C:\Program Files (x86)\Windows Kits\10\Include\10.0.22621.0\um\winsock2.h(2432,1): error C2375: 'WSAIsBlocking': nueva definición; vinculación distinta
  (compilando archivo de origen "../../xmlrpc++0.7/xmlrpc++0.7/src/XmlRpcDispatch.cpp")
      C:\Program Files (x86)\Windows Kits\10\Include\10.0.22621.0\um\winsock.h(882,17):
      vea la declaración de 'WSAIsBlocking'
  
C:\Program Files (x86)\Windows Kits\10\Include\10.0.22621.0\um\winsock2.h(2450,1): error C2375: 'WSAUnhookBlockingHook': nueva definición; vinculación distinta
  (compilando archivo de origen "../../xmlrpc++0.7/xmlrpc++0.7/src/XmlRpcDispatch.cpp")
      C:\Program Files (x86)\Windows Kits\10\Include\10.0.22621.0\um\winsock.h(884,16):
      vea la declaración de 'WSAUnhookBlockingHook'
  
C:\Program Files (x86)\Windows Kits\10\Include\10.0.22621.0\um\winsock2.h(2468,1): error C2375: 'WSASetBlockingHook': nueva definición; vinculación distinta
  (compilando archivo de origen "../../xmlrpc++0.7/xmlrpc++0.7/src/XmlRpcDispatch.cpp")
      C:\Program Files (x86)\Windows Kits\10\Include\10.0.22621.0\um\winsock.h(886,20):
      vea la declaración de 'WSASetBlockingHook'
  
C:\Program Files (x86)\Windows Kits\10\Include\10.0.22621.0\um\winsock2.h(2486,1): error C2375: 'WSACancelBlockingCall': nueva definición; vinculación distinta
  (compilando archivo de origen "../../xmlrpc++0.7/xmlrpc++0.7/src/XmlRpcDispatch.cpp")
      C:\Program Files (x86)\Windows Kits\10\Include\10.0.22621.0\um\winsock.h(888,16):
      vea la declaración de 'WSACancelBlockingCall'
  
C:\Program Files (x86)\Windows Kits\10\Include\10.0.22621.0\um\winsock2.h(2504,1): error C2375: 'WSAAsyncGetServByName': nueva definición; vinculación distinta
  (compilando archivo de origen "../../xmlrpc++0.7/xmlrpc++0.7/src/XmlRpcDispatch.cpp")
      C:\Program Files (x86)\Windows Kits\10\Include\10.0.22621.0\um\winsock.h(890,19):
      vea la declaración de 'WSAAsyncGetServByName'
  
C:\Program Files (x86)\Windows Kits\10\Include\10.0.22621.0\um\winsock2.h(2532,1): error C2375: 'WSAAsyncGetServByPort': nueva definición; vinculación distinta
  (compilando archivo de origen "../../xmlrpc++0.7/xmlrpc++0.7/src/XmlRpcDispatch.cpp")
      C:\Program Files (x86)\Windows Kits\10\Include\10.0.22621.0\um\winsock.h(898,19):
      vea la declaración de 'WSAAsyncGetServByPort'
  
C:\Program Files (x86)\Windows Kits\10\Include\10.0.22621.0\um\winsock2.h(2560,1): error C2375: 'WSAAsyncGetProtoByName': nueva definición; vinculación distinta
  (compilando archivo de origen "../../xmlrpc++0.7/xmlrpc++0.7/src/XmlRpcDispatch.cpp")
      C:\Program Files (x86)\Windows Kits\10\Include\10.0.22621.0\um\winsock.h(906,19):
      vea la declaración de 'WSAAsyncGetProtoByName'
  
C:\Program Files (x86)\Windows Kits\10\Include\10.0.22621.0\um\winsock2.h(2586,1): error C2375: 'WSAAsyncGetProtoByNumber': nueva definición; vinculación distinta
  (compilando archivo de origen "../../xmlrpc++0.7/xmlrpc++0.7/src/XmlRpcDispatch.cpp")
      C:\Program Files (x86)\Windows Kits\10\Include\10.0.22621.0\um\winsock.h(913,19):
      vea la declaración de 'WSAAsyncGetProtoByNumber'
  
C:\Program Files (x86)\Windows Kits\10\Include\10.0.22621.0\um\winsock2.h(2612,1): error C2375: 'WSAAsyncGetHostByName': nueva definición; vinculación distinta
  (compilando archivo de origen "../../xmlrpc++0.7/xmlrpc++0.7/src/XmlRpcDispatch.cpp")
      C:\Program Files (x86)\Windows Kits\10\Include\10.0.22621.0\um\winsock.h(920,19):
      vea la declaración de 'WSAAsyncGetHostByName'
  
C:\Program Files (x86)\Windows Kits\10\Include\10.0.22621.0\um\winsock2.h(2638,1): error C2375: 'WSAAsyncGetHostByAddr': nueva definición; vinculación distinta
  (compilando archivo de origen "../../xmlrpc++0.7/xmlrpc++0.7/src/XmlRpcDispatch.cpp")
      C:\Program Files (x86)\Windows Kits\10\Include\10.0.22621.0\um\winsock.h(927,19):
      vea la declaración de 'WSAAsyncGetHostByAddr'
  
C:\Program Files (x86)\Windows Kits\10\Include\10.0.22621.0\um\winsock2.h(2668,1): error C2375: 'WSACancelAsyncRequest': nueva definición; vinculación distinta
  (compilando archivo de origen "../../xmlrpc++0.7/xmlrpc++0.7/src/XmlRpcDispatch.cpp")
      C:\Program Files (x86)\Windows Kits\10\Include\10.0.22621.0\um\winsock.h(936,16):
      vea la declaración de 'WSACancelAsyncRequest'
  
C:\Program Files (x86)\Windows Kits\10\Include\10.0.22621.0\um\winsock2.h(2686,1): error C2375: 'WSAAsyncSelect': nueva definición; vinculación distinta
  (compilando archivo de origen "../../xmlrpc++0.7/xmlrpc++0.7/src/XmlRpcDispatch.cpp")
      C:\Program Files (x86)\Windows Kits\10\Include\10.0.22621.0\um\winsock.h(938,16):
      vea la declaración de 'WSAAsyncSelect'
  
C:\Program Files (x86)\Windows Kits\10\Include\10.0.22621.0\um\winsock2.h(4318,1): error C2059: error de sintaxis: '}'
  (compilando archivo de origen "../../xmlrpc++0.7/xmlrpc++0.7/src/XmlRpcDispatch.cpp")
  
C:\Program Files (x86)\Windows Kits\10\Include\10.0.22621.0\um\winsock2.h(4318,1): error C2143: error de sintaxis: falta ';' delante de '}'
  (compilando archivo de origen "../../xmlrpc++0.7/xmlrpc++0.7/src/XmlRpcDispatch.cpp")
  
C:\Users\Usuario\Desktop\RepoProgramacion\CASTEL_POO_2024\L13784_TP3_v2\xmlrpc++0.7\xmlrpc++0.7\src\XmlRpcDispatch.cpp(29,1): error C2653: 'XmlRpcDispatch': no es un nombre de clase o espacio de nombres
C:\Users\Usuario\Desktop\RepoProgramacion\CASTEL_POO_2024\L13784_TP3_v2\xmlrpc++0.7\xmlrpc++0.7\src\XmlRpcDispatch.cpp(29,17): error C4430: falta el especificador de tipo; se presupone int. Nota: C++ no admite default-int
C:\Users\Usuario\Desktop\RepoProgramacion\CASTEL_POO_2024\L13784_TP3_v2\xmlrpc++0.7\xmlrpc++0.7\src\XmlRpcDispatch.cpp(31,3): error C2065: '_endTime': identificador no declarado
C:\Users\Usuario\Desktop\RepoProgramacion\CASTEL_POO_2024\L13784_TP3_v2\xmlrpc++0.7\xmlrpc++0.7\src\XmlRpcDispatch.cpp(32,3): error C2065: '_doClear': identificador no declarado
C:\Users\Usuario\Desktop\RepoProgramacion\CASTEL_POO_2024\L13784_TP3_v2\xmlrpc++0.7\xmlrpc++0.7\src\XmlRpcDispatch.cpp(33,3): error C2065: '_inWork': identificador no declarado
C:\Users\Usuario\Desktop\RepoProgramacion\CASTEL_POO_2024\L13784_TP3_v2\xmlrpc++0.7\xmlrpc++0.7\src\XmlRpcDispatch.cpp(34,1): warning C4508: 'XmlRpcDispatch': la función debe devolver un valor; se supone que el tipo de valor devuelto es 'void'
C:\Users\Usuario\Desktop\RepoProgramacion\CASTEL_POO_2024\L13784_TP3_v2\xmlrpc++0.7\xmlrpc++0.7\src\XmlRpcDispatch.cpp(37,1): error C2653: 'XmlRpcDispatch': no es un nombre de clase o espacio de nombres
C:\Users\Usuario\Desktop\RepoProgramacion\CASTEL_POO_2024\L13784_TP3_v2\xmlrpc++0.7\xmlrpc++0.7\src\XmlRpcDispatch.cpp(37,18): error C4430: falta el especificador de tipo; se presupone int. Nota: C++ no admite default-int
C:\Users\Usuario\Desktop\RepoProgramacion\CASTEL_POO_2024\L13784_TP3_v2\xmlrpc++0.7\xmlrpc++0.7\src\XmlRpcDispatch.cpp(39,1): warning C4508: '{dtor}': la función debe devolver un valor; se supone que el tipo de valor devuelto es 'void'
C:\Users\Usuario\Desktop\RepoProgramacion\CASTEL_POO_2024\L13784_TP3_v2\xmlrpc++0.7\xmlrpc++0.7\src\XmlRpcDispatch.cpp(44,1): error C2653: 'XmlRpcDispatch': no es un nombre de clase o espacio de nombres
C:\Users\Usuario\Desktop\RepoProgramacion\CASTEL_POO_2024\L13784_TP3_v2\xmlrpc++0.7\xmlrpc++0.7\src\XmlRpcDispatch.cpp(44,17): error C2182: 'addSource': este uso de 'void' no es válido
C:\Users\Usuario\Desktop\RepoProgramacion\CASTEL_POO_2024\L13784_TP3_v2\xmlrpc++0.7\xmlrpc++0.7\src\XmlRpcDispatch.cpp(44,27): error C2065: 'XmlRpcSource': identificador no declarado
C:\Users\Usuario\Desktop\RepoProgramacion\CASTEL_POO_2024\L13784_TP3_v2\xmlrpc++0.7\xmlrpc++0.7\src\XmlRpcDispatch.cpp(44,41): error C2065: 'source': identificador no declarado
C:\Users\Usuario\Desktop\RepoProgramacion\CASTEL_POO_2024\L13784_TP3_v2\xmlrpc++0.7\xmlrpc++0.7\src\XmlRpcDispatch.cpp(44,49): error C2062: tipo 'unsigned int' inesperado
C:\Users\Usuario\Desktop\RepoProgramacion\CASTEL_POO_2024\L13784_TP3_v2\xmlrpc++0.7\xmlrpc++0.7\src\XmlRpcDispatch.cpp(45,1): error C2143: error de sintaxis: falta ';' delante de '{'
C:\Users\Usuario\Desktop\RepoProgramacion\CASTEL_POO_2024\L13784_TP3_v2\xmlrpc++0.7\xmlrpc++0.7\src\XmlRpcDispatch.cpp(45,1): error C2447: '{': falta el encabezado de función (¿lista formal de estilo anterior?)
C:\Users\Usuario\Desktop\RepoProgramacion\CASTEL_POO_2024\L13784_TP3_v2\xmlrpc++0.7\xmlrpc++0.7\src\XmlRpcDispatch.cpp(51,1): error C2653: 'XmlRpcDispatch': no es un nombre de clase o espacio de nombres
C:\Users\Usuario\Desktop\RepoProgramacion\CASTEL_POO_2024\L13784_TP3_v2\xmlrpc++0.7\xmlrpc++0.7\src\XmlRpcDispatch.cpp(51,17): error C2182: 'removeSource': este uso de 'void' no es válido
C:\Users\Usuario\Desktop\RepoProgramacion\CASTEL_POO_2024\L13784_TP3_v2\xmlrpc++0.7\xmlrpc++0.7\src\XmlRpcDispatch.cpp(51,30): error C2065: 'XmlRpcSource': identificador no declarado
C:\Users\Usuario\Desktop\RepoProgramacion\CASTEL_POO_2024\L13784_TP3_v2\xmlrpc++0.7\xmlrpc++0.7\src\XmlRpcDispatch.cpp(51,44): error C2065: 'source': identificador no declarado
C:\Users\Usuario\Desktop\RepoProgramacion\CASTEL_POO_2024\L13784_TP3_v2\xmlrpc++0.7\xmlrpc++0.7\src\XmlRpcDispatch.cpp(52,1): error C2143: error de sintaxis: falta ';' delante de '{'
C:\Users\Usuario\Desktop\RepoProgramacion\CASTEL_POO_2024\L13784_TP3_v2\xmlrpc++0.7\xmlrpc++0.7\src\XmlRpcDispatch.cpp(53,3): error C2059: error de sintaxis: 'for'
C:\Users\Usuario\Desktop\RepoProgramacion\CASTEL_POO_2024\L13784_TP3_v2\xmlrpc++0.7\xmlrpc++0.7\src\XmlRpcDispatch.cpp(53,8): error C2653: 'SourceList': no es un nombre de clase o espacio de nombres
C:\Users\Usuario\Desktop\RepoProgramacion\CASTEL_POO_2024\L13784_TP3_v2\xmlrpc++0.7\xmlrpc++0.7\src\XmlRpcDispatch.cpp(53,48): error C2143: error de sintaxis: falta ')' delante de ';'
C:\Users\Usuario\Desktop\RepoProgramacion\CASTEL_POO_2024\L13784_TP3_v2\xmlrpc++0.7\xmlrpc++0.7\src\XmlRpcDispatch.cpp(53,52): error C2143: error de sintaxis: falta ';' delante de '!='
C:\Users\Usuario\Desktop\RepoProgramacion\CASTEL_POO_2024\L13784_TP3_v2\xmlrpc++0.7\xmlrpc++0.7\src\XmlRpcDispatch.cpp(53,50): error C4430: falta el especificador de tipo; se presupone int. Nota: C++ no admite default-int
C:\Users\Usuario\Desktop\RepoProgramacion\CASTEL_POO_2024\L13784_TP3_v2\xmlrpc++0.7\xmlrpc++0.7\src\XmlRpcDispatch.cpp(53,52): error C2059: error de sintaxis: '!='
C:\Users\Usuario\Desktop\RepoProgramacion\CASTEL_POO_2024\L13784_TP3_v2\xmlrpc++0.7\xmlrpc++0.7\src\XmlRpcDispatch.cpp(53,70): error C2059: error de sintaxis: '++'
C:\Users\Usuario\Desktop\RepoProgramacion\CASTEL_POO_2024\L13784_TP3_v2\xmlrpc++0.7\xmlrpc++0.7\src\XmlRpcDispatch.cpp(53,74): error C2059: error de sintaxis: ')'
C:\Users\Usuario\Desktop\RepoProgramacion\CASTEL_POO_2024\L13784_TP3_v2\xmlrpc++0.7\xmlrpc++0.7\src\XmlRpcDispatch.cpp(55,5): error C2143: error de sintaxis: falta ';' delante de '{'
C:\Users\Usuario\Desktop\RepoProgramacion\CASTEL_POO_2024\L13784_TP3_v2\xmlrpc++0.7\xmlrpc++0.7\src\XmlRpcDispatch.cpp(55,5): error C2447: '{': falta el encabezado de función (¿lista formal de estilo anterior?)
C:\Users\Usuario\Desktop\RepoProgramacion\CASTEL_POO_2024\L13784_TP3_v2\xmlrpc++0.7\xmlrpc++0.7\src\XmlRpcDispatch.cpp(59,1): error C2059: error de sintaxis: '}'
C:\Users\Usuario\Desktop\RepoProgramacion\CASTEL_POO_2024\L13784_TP3_v2\xmlrpc++0.7\xmlrpc++0.7\src\XmlRpcDispatch.cpp(59,1): error C2143: error de sintaxis: falta ';' delante de '}'
C:\Users\Usuario\Desktop\RepoProgramacion\CASTEL_POO_2024\L13784_TP3_v2\xmlrpc++0.7\xmlrpc++0.7\src\XmlRpcDispatch.cpp(64,1): error C2653: 'XmlRpcDispatch': no es un nombre de clase o espacio de nombres
C:\Users\Usuario\Desktop\RepoProgramacion\CASTEL_POO_2024\L13784_TP3_v2\xmlrpc++0.7\xmlrpc++0.7\src\XmlRpcDispatch.cpp(65,1): error C2143: error de sintaxis: falta ';' delante de '{'
C:\Users\Usuario\Desktop\RepoProgramacion\CASTEL_POO_2024\L13784_TP3_v2\xmlrpc++0.7\xmlrpc++0.7\src\XmlRpcDispatch.cpp(65,1): error C2447: '{': falta el encabezado de función (¿lista formal de estilo anterior?)
C:\Users\Usuario\Desktop\RepoProgramacion\CASTEL_POO_2024\L13784_TP3_v2\xmlrpc++0.7\xmlrpc++0.7\src\XmlRpcDispatch.cpp(78,1): error C2653: 'XmlRpcDispatch': no es un nombre de clase o espacio de nombres
C:\Users\Usuario\Desktop\RepoProgramacion\CASTEL_POO_2024\L13784_TP3_v2\xmlrpc++0.7\xmlrpc++0.7\src\XmlRpcDispatch.cpp(81,3): error C2065: '_endTime': identificador no declarado
C:\Users\Usuario\Desktop\RepoProgramacion\CASTEL_POO_2024\L13784_TP3_v2\xmlrpc++0.7\xmlrpc++0.7\src\XmlRpcDispatch.cpp(81,40): error C3861: 'getTime': no se encontró el identificador
C:\Users\Usuario\Desktop\RepoProgramacion\CASTEL_POO_2024\L13784_TP3_v2\xmlrpc++0.7\xmlrpc++0.7\src\XmlRpcDispatch.cpp(82,3): error C2065: '_doClear': identificador no declarado
C:\Users\Usuario\Desktop\RepoProgramacion\CASTEL_POO_2024\L13784_TP3_v2\xmlrpc++0.7\xmlrpc++0.7\src\XmlRpcDispatch.cpp(83,3): error C2065: '_inWork': identificador no declarado
C:\Users\Usuario\Desktop\RepoProgramacion\CASTEL_POO_2024\L13784_TP3_v2\xmlrpc++0.7\xmlrpc++0.7\src\XmlRpcDispatch.cpp(86,10): error C2065: '_sources': identificador no declarado
C:\Users\Usuario\Desktop\RepoProgramacion\CASTEL_POO_2024\L13784_TP3_v2\xmlrpc++0.7\xmlrpc++0.7\src\XmlRpcDispatch.cpp(86,10): error C1003: el recuento de errores supera 100; se detiene la compilación
  XmlRpcServer.cpp
C:\Users\Usuario\Desktop\RepoProgramacion\CASTEL_POO_2024\L13784_TP3_v2\xmlrpc++0.7\xmlrpc++0.7\src\XmlRpcServer.cpp(275,33): warning C4267: 'argumento': conversión de 'size_t' a 'int'; posible pérdida de datos
  XmlRpcServerConnection.cpp
C:\Users\Usuario\Desktop\RepoProgramacion\CASTEL_POO_2024\L13784_TP3_v2\xmlrpc++0.7\xmlrpc++0.7\src\XmlRpcServerConnection.cpp(348,19): warning C4477: 'sprintf' : la cadena de formato '%d' requiere un argumento de tipo 'int', pero el argumento variádico 1 tiene el tipo 'unsigned __int64'
      C:\Users\Usuario\Desktop\RepoProgramacion\CASTEL_POO_2024\L13784_TP3_v2\xmlrpc++0.7\xmlrpc++0.7\src\XmlRpcServerConnection.cpp(348,19):
      considere el uso de ' %zd' en la cadena de formato
  
C:\Users\Usuario\Desktop\RepoProgramacion\CASTEL_POO_2024\L13784_TP3_v2\xmlrpc++0.7\xmlrpc++0.7\src\XmlRpcServerConnection.cpp(348,3): error C4996: 'sprintf': This function or variable may be unsafe. Consider using sprintf_s instead. To disable deprecation, use _CRT_SECURE_NO_WARNINGS. See online help for details.
  XmlRpcServerMethod.cpp
  XmlRpcSocket.cpp
C:\Program Files (x86)\Windows Kits\10\Include\10.0.22621.0\shared\ws2def.h(103,9): warning C4005: 'AF_IPX': redefinición de macro
  (compilando archivo de origen "../../xmlrpc++0.7/xmlrpc++0.7/src/XmlRpcSocket.cpp")
      C:\Program Files (x86)\Windows Kits\10\Include\10.0.22621.0\um\winsock.h(457,9):
      vea la definición anterior de “AF_IPX”
  
C:\Program Files (x86)\Windows Kits\10\Include\10.0.22621.0\shared\ws2def.h(147,9): warning C4005: 'AF_MAX': redefinición de macro
  (compilando archivo de origen "../../xmlrpc++0.7/xmlrpc++0.7/src/XmlRpcSocket.cpp")
      C:\Program Files (x86)\Windows Kits\10\Include\10.0.22621.0\um\winsock.h(476,9):
      vea la definición anterior de “AF_MAX”
  
C:\Program Files (x86)\Windows Kits\10\Include\10.0.22621.0\shared\ws2def.h(187,9): warning C4005: 'SO_DONTLINGER': redefinición de macro
  (compilando archivo de origen "../../xmlrpc++0.7/xmlrpc++0.7/src/XmlRpcSocket.cpp")
      C:\Program Files (x86)\Windows Kits\10\Include\10.0.22621.0\um\winsock.h(399,9):
      vea la definición anterior de “SO_DONTLINGER”
  
C:\Program Files (x86)\Windows Kits\10\Include\10.0.22621.0\shared\ws2def.h(240,16): error C2011: 'sockaddr': nueva definición del tipo 'struct'
  (compilando archivo de origen "../../xmlrpc++0.7/xmlrpc++0.7/src/XmlRpcSocket.cpp")
      C:\Program Files (x86)\Windows Kits\10\Include\10.0.22621.0\um\winsock.h(482,8):
      vea la declaración de 'sockaddr'
  
C:\Program Files (x86)\Windows Kits\10\Include\10.0.22621.0\shared\ws2def.h(442,5): error C2143: error de sintaxis: falta '}' delante de 'constante'
  (compilando archivo de origen "../../xmlrpc++0.7/xmlrpc++0.7/src/XmlRpcSocket.cpp")
  
C:\Program Files (x86)\Windows Kits\10\Include\10.0.22621.0\shared\ws2def.h(442,5): error C2059: error de sintaxis: 'constante'
  (compilando archivo de origen "../../xmlrpc++0.7/xmlrpc++0.7/src/XmlRpcSocket.cpp")
  
C:\Program Files (x86)\Windows Kits\10\Include\10.0.22621.0\shared\ws2def.h(496,1): error C2143: error de sintaxis: falta ';' delante de '}'
  (compilando archivo de origen "../../xmlrpc++0.7/xmlrpc++0.7/src/XmlRpcSocket.cpp")
  
C:\Program Files (x86)\Windows Kits\10\Include\10.0.22621.0\shared\ws2def.h(496,3): error C4430: falta el especificador de tipo; se presupone int. Nota: C++ no admite default-int
  (compilando archivo de origen "../../xmlrpc++0.7/xmlrpc++0.7/src/XmlRpcSocket.cpp")
  
C:\Program Files (x86)\Windows Kits\10\Include\10.0.22621.0\shared\ws2def.h(496,13): error C4430: falta el especificador de tipo; se presupone int. Nota: C++ no admite default-int
  (compilando archivo de origen "../../xmlrpc++0.7/xmlrpc++0.7/src/XmlRpcSocket.cpp")
  
C:\Program Files (x86)\Windows Kits\10\Include\10.0.22621.0\shared\ws2def.h(577,9): warning C4005: 'IN_CLASSA': redefinición de macro
  (compilando archivo de origen "../../xmlrpc++0.7/xmlrpc++0.7/src/XmlRpcSocket.cpp")
      C:\Program Files (x86)\Windows Kits\10\Include\10.0.22621.0\um\winsock.h(284,9):
      vea la definición anterior de “IN_CLASSA”
  
C:\Program Files (x86)\Windows Kits\10\Include\10.0.22621.0\shared\ws2def.h(583,9): warning C4005: 'IN_CLASSB': redefinición de macro
  (compilando archivo de origen "../../xmlrpc++0.7/xmlrpc++0.7/src/XmlRpcSocket.cpp")
      C:\Program Files (x86)\Windows Kits\10\Include\10.0.22621.0\um\winsock.h(290,9):
      vea la definición anterior de “IN_CLASSB”
  
C:\Program Files (x86)\Windows Kits\10\Include\10.0.22621.0\shared\ws2def.h(589,9): warning C4005: 'IN_CLASSC': redefinición de macro
  (compilando archivo de origen "../../xmlrpc++0.7/xmlrpc++0.7/src/XmlRpcSocket.cpp")
      C:\Program Files (x86)\Windows Kits\10\Include\10.0.22621.0\um\winsock.h(296,9):
      vea la definición anterior de “IN_CLASSC”
  
C:\Program Files (x86)\Windows Kits\10\Include\10.0.22621.0\shared\ws2def.h(600,9): warning C4005: 'INADDR_ANY': redefinición de macro
  (compilando archivo de origen "../../xmlrpc++0.7/xmlrpc++0.7/src/XmlRpcSocket.cpp")
      C:\Program Files (x86)\Windows Kits\10\Include\10.0.22621.0\um\winsock.h(301,9):
      vea la definición anterior de “INADDR_ANY”
  
C:\Program Files (x86)\Windows Kits\10\Include\10.0.22621.0\shared\ws2def.h(602,9): warning C4005: 'INADDR_BROADCAST': redefinición de macro
  (compilando archivo de origen "../../xmlrpc++0.7/xmlrpc++0.7/src/XmlRpcSocket.cpp")
      C:\Program Files (x86)\Windows Kits\10\Include\10.0.22621.0\um\winsock.h(303,9):
      vea la definición anterior de “INADDR_BROADCAST”
  
C:\Program Files (x86)\Windows Kits\10\Include\10.0.22621.0\shared\ws2def.h(638,16): error C2011: 'sockaddr_in': nueva definición del tipo 'struct'
  (compilando archivo de origen "../../xmlrpc++0.7/xmlrpc++0.7/src/XmlRpcSocket.cpp")
      C:\Program Files (x86)\Windows Kits\10\Include\10.0.22621.0\um\winsock.h(309,8):
      vea la declaración de 'sockaddr_in'
  
C:\Program Files (x86)\Windows Kits\10\Include\10.0.22621.0\um\WinSock2.h(136,16): error C2011: 'fd_set': nueva definición del tipo 'struct'
  (compilando archivo de origen "../../xmlrpc++0.7/xmlrpc++0.7/src/XmlRpcSocket.cpp")
      C:\Program Files (x86)\Windows Kits\10\Include\10.0.22621.0\um\winsock.h(65,16):
      vea la declaración de 'fd_set'
  
C:\Program Files (x86)\Windows Kits\10\Include\10.0.22621.0\um\WinSock2.h(158,9): warning C4005: 'FD_SET': redefinición de macro
  (compilando archivo de origen "../../xmlrpc++0.7/xmlrpc++0.7/src/XmlRpcSocket.cpp")
      C:\Program Files (x86)\Windows Kits\10\Include\10.0.22621.0\um\winsock.h(96,9):
      vea la definición anterior de “FD_SET”
  
C:\Program Files (x86)\Windows Kits\10\Include\10.0.22621.0\um\WinSock2.h(180,8): error C2011: 'timeval': nueva definición del tipo 'struct'
  (compilando archivo de origen "../../xmlrpc++0.7/xmlrpc++0.7/src/XmlRpcSocket.cpp")
      C:\Program Files (x86)\Windows Kits\10\Include\10.0.22621.0\um\winsock.h(108,8):
      vea la declaración de 'timeval'
  
C:\Program Files (x86)\Windows Kits\10\Include\10.0.22621.0\um\WinSock2.h(236,9): error C2011: 'hostent': nueva definición del tipo 'struct'
  (compilando archivo de origen "../../xmlrpc++0.7/xmlrpc++0.7/src/XmlRpcSocket.cpp")
      C:\Program Files (x86)\Windows Kits\10\Include\10.0.22621.0\um\winsock.h(164,9):
      vea la declaración de 'hostent'
  
C:\Program Files (x86)\Windows Kits\10\Include\10.0.22621.0\um\WinSock2.h(249,9): error C2011: 'netent': nueva definición del tipo 'struct'
  (compilando archivo de origen "../../xmlrpc++0.7/xmlrpc++0.7/src/XmlRpcSocket.cpp")
      C:\Program Files (x86)\Windows Kits\10\Include\10.0.22621.0\um\winsock.h(177,9):
      vea la declaración de 'netent'
  
C:\Program Files (x86)\Windows Kits\10\Include\10.0.22621.0\um\WinSock2.h(256,9): error C2011: 'servent': nueva definición del tipo 'struct'
  (compilando archivo de origen "../../xmlrpc++0.7/xmlrpc++0.7/src/XmlRpcSocket.cpp")
      C:\Program Files (x86)\Windows Kits\10\Include\10.0.22621.0\um\winsock.h(184,9):
      vea la declaración de 'servent'
  
C:\Program Files (x86)\Windows Kits\10\Include\10.0.22621.0\um\WinSock2.h(268,9): error C2011: 'protoent': nueva definición del tipo 'struct'
  (compilando archivo de origen "../../xmlrpc++0.7/xmlrpc++0.7/src/XmlRpcSocket.cpp")
      C:\Program Files (x86)\Windows Kits\10\Include\10.0.22621.0\um\winsock.h(196,9):
      vea la declaración de 'protoent'
  
C:\Program Files (x86)\Windows Kits\10\Include\10.0.22621.0\um\WinSock2.h(364,16): error C2011: 'WSAData': nueva definición del tipo 'struct'
  (compilando archivo de origen "../../xmlrpc++0.7/xmlrpc++0.7/src/XmlRpcSocket.cpp")
      C:\Program Files (x86)\Windows Kits\10\Include\10.0.22621.0\um\winsock.h(319,16):
      vea la declaración de 'WSAData'
  
C:\Program Files (x86)\Windows Kits\10\Include\10.0.22621.0\um\WinSock2.h(462,8): error C2011: 'sockproto': nueva definición del tipo 'struct'
  (compilando archivo de origen "../../xmlrpc++0.7/xmlrpc++0.7/src/XmlRpcSocket.cpp")
      C:\Program Files (x86)\Windows Kits\10\Include\10.0.22621.0\um\winsock.h(491,8):
      vea la declaración de 'sockproto'
  
C:\Program Files (x86)\Windows Kits\10\Include\10.0.22621.0\um\WinSock2.h(504,9): error C2011: 'linger': nueva definición del tipo 'struct'
  (compilando archivo de origen "../../xmlrpc++0.7/xmlrpc++0.7/src/XmlRpcSocket.cpp")
      C:\Program Files (x86)\Windows Kits\10\Include\10.0.22621.0\um\winsock.h(528,9):
      vea la declaración de 'linger'
  
C:\Program Files (x86)\Windows Kits\10\Include\10.0.22621.0\um\WinSock2.h(517,9): warning C4005: 'SOMAXCONN': redefinición de macro
  (compilando archivo de origen "../../xmlrpc++0.7/xmlrpc++0.7/src/XmlRpcSocket.cpp")
      C:\Program Files (x86)\Windows Kits\10\Include\10.0.22621.0\um\winsock.h(541,9):
      vea la definición anterior de “SOMAXCONN”
  
C:\Program Files (x86)\Windows Kits\10\Include\10.0.22621.0\um\WinSock2.h(551,9): warning C4005: 'FD_READ': redefinición de macro
  (compilando archivo de origen "../../xmlrpc++0.7/xmlrpc++0.7/src/XmlRpcSocket.cpp")
      C:\Program Files (x86)\Windows Kits\10\Include\10.0.22621.0\um\winsock.h(559,9):
      vea la definición anterior de “FD_READ”
  
C:\Program Files (x86)\Windows Kits\10\Include\10.0.22621.0\um\WinSock2.h(554,9): warning C4005: 'FD_WRITE': redefinición de macro
  (compilando archivo de origen "../../xmlrpc++0.7/xmlrpc++0.7/src/XmlRpcSocket.cpp")
      C:\Program Files (x86)\Windows Kits\10\Include\10.0.22621.0\um\winsock.h(560,9):
      vea la definición anterior de “FD_WRITE”
  
C:\Program Files (x86)\Windows Kits\10\Include\10.0.22621.0\um\WinSock2.h(557,9): warning C4005: 'FD_OOB': redefinición de macro
  (compilando archivo de origen "../../xmlrpc++0.7/xmlrpc++0.7/src/XmlRpcSocket.cpp")
      C:\Program Files (x86)\Windows Kits\10\Include\10.0.22621.0\um\winsock.h(561,9):
      vea la definición anterior de “FD_OOB”
  
C:\Program Files (x86)\Windows Kits\10\Include\10.0.22621.0\um\WinSock2.h(560,9): warning C4005: 'FD_ACCEPT': redefinición de macro
  (compilando archivo de origen "../../xmlrpc++0.7/xmlrpc++0.7/src/XmlRpcSocket.cpp")
      C:\Program Files (x86)\Windows Kits\10\Include\10.0.22621.0\um\winsock.h(562,9):
      vea la definición anterior de “FD_ACCEPT”
  
C:\Program Files (x86)\Windows Kits\10\Include\10.0.22621.0\um\WinSock2.h(563,9): warning C4005: 'FD_CONNECT': redefinición de macro
  (compilando archivo de origen "../../xmlrpc++0.7/xmlrpc++0.7/src/XmlRpcSocket.cpp")
      C:\Program Files (x86)\Windows Kits\10\Include\10.0.22621.0\um\winsock.h(563,9):
      vea la definición anterior de “FD_CONNECT”
  
C:\Program Files (x86)\Windows Kits\10\Include\10.0.22621.0\um\WinSock2.h(566,9): warning C4005: 'FD_CLOSE': redefinición de macro
  (compilando archivo de origen "../../xmlrpc++0.7/xmlrpc++0.7/src/XmlRpcSocket.cpp")
      C:\Program Files (x86)\Windows Kits\10\Include\10.0.22621.0\um\winsock.h(564,9):
      vea la definición anterior de “FD_CLOSE”
  
C:\Program Files (x86)\Windows Kits\10\Include\10.0.22621.0\um\WinSock2.h(1631,1): error C2375: 'accept': nueva definición; vinculación distinta
  (compilando archivo de origen "../../xmlrpc++0.7/xmlrpc++0.7/src/XmlRpcSocket.cpp")
      C:\Program Files (x86)\Windows Kits\10\Include\10.0.22621.0\um\winsock.h(739,19):
      vea la declaración de 'accept'
  
C:\Program Files (x86)\Windows Kits\10\Include\10.0.22621.0\um\WinSock2.h(1653,1): error C2375: 'bind': nueva definición; vinculación distinta
  (compilando archivo de origen "../../xmlrpc++0.7/xmlrpc++0.7/src/XmlRpcSocket.cpp")
      C:\Program Files (x86)\Windows Kits\10\Include\10.0.22621.0\um\winsock.h(744,16):
      vea la declaración de 'bind'
  
C:\Program Files (x86)\Windows Kits\10\Include\10.0.22621.0\um\WinSock2.h(1674,1): error C2375: 'closesocket': nueva definición; vinculación distinta
  (compilando archivo de origen "../../xmlrpc++0.7/xmlrpc++0.7/src/XmlRpcSocket.cpp")
      C:\Program Files (x86)\Windows Kits\10\Include\10.0.22621.0\um\winsock.h(749,16):
      vea la declaración de 'closesocket'
  
C:\Program Files (x86)\Windows Kits\10\Include\10.0.22621.0\um\WinSock2.h(1691,1): error C2375: 'connect': nueva definición; vinculación distinta
  (compilando archivo de origen "../../xmlrpc++0.7/xmlrpc++0.7/src/XmlRpcSocket.cpp")
      C:\Program Files (x86)\Windows Kits\10\Include\10.0.22621.0\um\winsock.h(751,16):
      vea la declaración de 'connect'
  
C:\Program Files (x86)\Windows Kits\10\Include\10.0.22621.0\um\WinSock2.h(1712,1): error C2375: 'ioctlsocket': nueva definición; vinculación distinta
  (compilando archivo de origen "../../xmlrpc++0.7/xmlrpc++0.7/src/XmlRpcSocket.cpp")
      C:\Program Files (x86)\Windows Kits\10\Include\10.0.22621.0\um\winsock.h(756,16):
      vea la declaración de 'ioctlsocket'
  
C:\Program Files (x86)\Windows Kits\10\Include\10.0.22621.0\um\WinSock2.h(1735,1): error C2375: 'getpeername': nueva definición; vinculación distinta
  (compilando archivo de origen "../../xmlrpc++0.7/xmlrpc++0.7/src/XmlRpcSocket.cpp")
      C:\Program Files (x86)\Windows Kits\10\Include\10.0.22621.0\um\winsock.h(761,16):
      vea la declaración de 'getpeername'
  
C:\Program Files (x86)\Windows Kits\10\Include\10.0.22621.0\um\WinSock2.h(1756,1): error C2375: 'getsockname': nueva definición; vinculación distinta
  (compilando archivo de origen "../../xmlrpc++0.7/xmlrpc++0.7/src/XmlRpcSocket.cpp")
      C:\Program Files (x86)\Windows Kits\10\Include\10.0.22621.0\um\winsock.h(766,16):
      vea la declaración de 'getsockname'
  
C:\Program Files (x86)\Windows Kits\10\Include\10.0.22621.0\um\WinSock2.h(1777,1): error C2375: 'getsockopt': nueva definición; vinculación distinta
  (compilando archivo de origen "../../xmlrpc++0.7/xmlrpc++0.7/src/XmlRpcSocket.cpp")
      C:\Program Files (x86)\Windows Kits\10\Include\10.0.22621.0\um\winsock.h(771,16):
      vea la declaración de 'getsockopt'
  
C:\Program Files (x86)\Windows Kits\10\Include\10.0.22621.0\um\WinSock2.h(1802,1): error C2375: 'htonl': nueva definición; vinculación distinta
  (compilando archivo de origen "../../xmlrpc++0.7/xmlrpc++0.7/src/XmlRpcSocket.cpp")
      C:\Program Files (x86)\Windows Kits\10\Include\10.0.22621.0\um\winsock.h(778,19):
      vea la declaración de 'htonl'
  
C:\Program Files (x86)\Windows Kits\10\Include\10.0.22621.0\um\WinSock2.h(1819,1): error C2375: 'htons': nueva definición; vinculación distinta
  (compilando archivo de origen "../../xmlrpc++0.7/xmlrpc++0.7/src/XmlRpcSocket.cpp")
      C:\Program Files (x86)\Windows Kits\10\Include\10.0.22621.0\um\winsock.h(780,20):
      vea la declaración de 'htons'
  
C:\Program Files (x86)\Windows Kits\10\Include\10.0.22621.0\um\WinSock2.h(1837,1): error C2375: 'inet_addr': nueva definición; vinculación distinta
  (compilando archivo de origen "../../xmlrpc++0.7/xmlrpc++0.7/src/XmlRpcSocket.cpp")
      C:\Program Files (x86)\Windows Kits\10\Include\10.0.22621.0\um\winsock.h(782,26):
      vea la declaración de 'inet_addr'
  
C:\Program Files (x86)\Windows Kits\10\Include\10.0.22621.0\um\WinSock2.h(1855,1): error C2375: 'inet_ntoa': nueva definición; vinculación distinta
  (compilando archivo de origen "../../xmlrpc++0.7/xmlrpc++0.7/src/XmlRpcSocket.cpp")
      C:\Program Files (x86)\Windows Kits\10\Include\10.0.22621.0\um\winsock.h(784,23):
      vea la declaración de 'inet_ntoa'
  
C:\Program Files (x86)\Windows Kits\10\Include\10.0.22621.0\um\WinSock2.h(1955,1): error C2375: 'listen': nueva definición; vinculación distinta
  (compilando archivo de origen "../../xmlrpc++0.7/xmlrpc++0.7/src/XmlRpcSocket.cpp")
      C:\Program Files (x86)\Windows Kits\10\Include\10.0.22621.0\um\winsock.h(786,16):
      vea la declaración de 'listen'
  
C:\Program Files (x86)\Windows Kits\10\Include\10.0.22621.0\um\WinSock2.h(1974,1): error C2375: 'ntohl': nueva definición; vinculación distinta
  (compilando archivo de origen "../../xmlrpc++0.7/xmlrpc++0.7/src/XmlRpcSocket.cpp")
      C:\Program Files (x86)\Windows Kits\10\Include\10.0.22621.0\um\winsock.h(790,19):
      vea la declaración de 'ntohl'
  
C:\Program Files (x86)\Windows Kits\10\Include\10.0.22621.0\um\WinSock2.h(1991,1): error C2375: 'ntohs': nueva definición; vinculación distinta
  (compilando archivo de origen "../../xmlrpc++0.7/xmlrpc++0.7/src/XmlRpcSocket.cpp")
      C:\Program Files (x86)\Windows Kits\10\Include\10.0.22621.0\um\winsock.h(792,20):
      vea la declaración de 'ntohs'
  
C:\Program Files (x86)\Windows Kits\10\Include\10.0.22621.0\um\WinSock2.h(2008,1): error C2375: 'recv': nueva definición; vinculación distinta
  (compilando archivo de origen "../../xmlrpc++0.7/xmlrpc++0.7/src/XmlRpcSocket.cpp")
      C:\Program Files (x86)\Windows Kits\10\Include\10.0.22621.0\um\winsock.h(794,16):
      vea la declaración de 'recv'
  
C:\Program Files (x86)\Windows Kits\10\Include\10.0.22621.0\um\WinSock2.h(2031,1): error C2375: 'recvfrom': nueva definición; vinculación distinta
  (compilando archivo de origen "../../xmlrpc++0.7/xmlrpc++0.7/src/XmlRpcSocket.cpp")
      C:\Program Files (x86)\Windows Kits\10\Include\10.0.22621.0\um\winsock.h(800,16):
      vea la declaración de 'recvfrom'
  
C:\Program Files (x86)\Windows Kits\10\Include\10.0.22621.0\um\WinSock2.h(2058,1): error C2375: 'select': nueva definición; vinculación distinta
  (compilando archivo de origen "../../xmlrpc++0.7/xmlrpc++0.7/src/XmlRpcSocket.cpp")
      C:\Program Files (x86)\Windows Kits\10\Include\10.0.22621.0\um\winsock.h(808,16):
      vea la declaración de 'select'
  
C:\Program Files (x86)\Windows Kits\10\Include\10.0.22621.0\um\WinSock2.h(2083,1): error C2375: 'send': nueva definición; vinculación distinta
  (compilando archivo de origen "../../xmlrpc++0.7/xmlrpc++0.7/src/XmlRpcSocket.cpp")
      C:\Program Files (x86)\Windows Kits\10\Include\10.0.22621.0\um\winsock.h(815,16):
      vea la declaración de 'send'
  
C:\Program Files (x86)\Windows Kits\10\Include\10.0.22621.0\um\WinSock2.h(2106,1): error C2375: 'sendto': nueva definición; vinculación distinta
  (compilando archivo de origen "../../xmlrpc++0.7/xmlrpc++0.7/src/XmlRpcSocket.cpp")
      C:\Program Files (x86)\Windows Kits\10\Include\10.0.22621.0\um\winsock.h(821,16):
      vea la declaración de 'sendto'
  
C:\Program Files (x86)\Windows Kits\10\Include\10.0.22621.0\um\WinSock2.h(2133,1): error C2375: 'setsockopt': nueva definición; vinculación distinta
  (compilando archivo de origen "../../xmlrpc++0.7/xmlrpc++0.7/src/XmlRpcSocket.cpp")
      C:\Program Files (x86)\Windows Kits\10\Include\10.0.22621.0\um\winsock.h(829,16):
      vea la declaración de 'setsockopt'
  
C:\Program Files (x86)\Windows Kits\10\Include\10.0.22621.0\um\WinSock2.h(2158,1): error C2375: 'shutdown': nueva definición; vinculación distinta
  (compilando archivo de origen "../../xmlrpc++0.7/xmlrpc++0.7/src/XmlRpcSocket.cpp")
      C:\Program Files (x86)\Windows Kits\10\Include\10.0.22621.0\um\winsock.h(836,16):
      vea la declaración de 'shutdown'
  
C:\Program Files (x86)\Windows Kits\10\Include\10.0.22621.0\um\WinSock2.h(2178,1): error C2375: 'socket': nueva definición; vinculación distinta
  (compilando archivo de origen "../../xmlrpc++0.7/xmlrpc++0.7/src/XmlRpcSocket.cpp")
      C:\Program Files (x86)\Windows Kits\10\Include\10.0.22621.0\um\winsock.h(840,19):
      vea la declaración de 'socket'
  
C:\Program Files (x86)\Windows Kits\10\Include\10.0.22621.0\um\WinSock2.h(2203,1): error C2375: 'gethostbyaddr': nueva definición; vinculación distinta
  (compilando archivo de origen "../../xmlrpc++0.7/xmlrpc++0.7/src/XmlRpcSocket.cpp")
      C:\Program Files (x86)\Windows Kits\10\Include\10.0.22621.0\um\winsock.h(847,33):
      vea la declaración de 'gethostbyaddr'
  
C:\Program Files (x86)\Windows Kits\10\Include\10.0.22621.0\um\WinSock2.h(2225,1): error C2375: 'gethostbyname': nueva definición; vinculación distinta
  (compilando archivo de origen "../../xmlrpc++0.7/xmlrpc++0.7/src/XmlRpcSocket.cpp")
      C:\Program Files (x86)\Windows Kits\10\Include\10.0.22621.0\um\winsock.h(852,33):
      vea la declaración de 'gethostbyname'
  
C:\Program Files (x86)\Windows Kits\10\Include\10.0.22621.0\um\WinSock2.h(2242,1): error C2375: 'gethostname': nueva definición; vinculación distinta
  (compilando archivo de origen "../../xmlrpc++0.7/xmlrpc++0.7/src/XmlRpcSocket.cpp")
      C:\Program Files (x86)\Windows Kits\10\Include\10.0.22621.0\um\winsock.h(854,16):
      vea la declaración de 'gethostname'
  
C:\Program Files (x86)\Windows Kits\10\Include\10.0.22621.0\um\WinSock2.h(2282,1): error C2375: 'getservbyport': nueva definición; vinculación distinta
  (compilando archivo de origen "../../xmlrpc++0.7/xmlrpc++0.7/src/XmlRpcSocket.cpp")
      C:\Program Files (x86)\Windows Kits\10\Include\10.0.22621.0\um\winsock.h(858,33):
      vea la declaración de 'getservbyport'
  
C:\Program Files (x86)\Windows Kits\10\Include\10.0.22621.0\um\WinSock2.h(2301,1): error C2375: 'getservbyname': nueva definición; vinculación distinta
  (compilando archivo de origen "../../xmlrpc++0.7/xmlrpc++0.7/src/XmlRpcSocket.cpp")
      C:\Program Files (x86)\Windows Kits\10\Include\10.0.22621.0\um\winsock.h(862,33):
      vea la declaración de 'getservbyname'
  
C:\Program Files (x86)\Windows Kits\10\Include\10.0.22621.0\um\WinSock2.h(2320,1): error C2375: 'getprotobynumber': nueva definición; vinculación distinta
  (compilando archivo de origen "../../xmlrpc++0.7/xmlrpc++0.7/src/XmlRpcSocket.cpp")
      C:\Program Files (x86)\Windows Kits\10\Include\10.0.22621.0\um\winsock.h(866,34):
      vea la declaración de 'getprotobynumber'
  
C:\Program Files (x86)\Windows Kits\10\Include\10.0.22621.0\um\WinSock2.h(2337,1): error C2375: 'getprotobyname': nueva definición; vinculación distinta
  (compilando archivo de origen "../../xmlrpc++0.7/xmlrpc++0.7/src/XmlRpcSocket.cpp")
      C:\Program Files (x86)\Windows Kits\10\Include\10.0.22621.0\um\winsock.h(868,34):
      vea la declaración de 'getprotobyname'
  
C:\Program Files (x86)\Windows Kits\10\Include\10.0.22621.0\um\WinSock2.h(2357,1): error C2375: 'WSAStartup': nueva definición; vinculación distinta
  (compilando archivo de origen "../../xmlrpc++0.7/xmlrpc++0.7/src/XmlRpcSocket.cpp")
      C:\Program Files (x86)\Windows Kits\10\Include\10.0.22621.0\um\winsock.h(872,16):
      vea la declaración de 'WSAStartup'
  
C:\Program Files (x86)\Windows Kits\10\Include\10.0.22621.0\um\WinSock2.h(2377,1): error C2375: 'WSACleanup': nueva definición; vinculación distinta
  (compilando archivo de origen "../../xmlrpc++0.7/xmlrpc++0.7/src/XmlRpcSocket.cpp")
      C:\Program Files (x86)\Windows Kits\10\Include\10.0.22621.0\um\winsock.h(876,16):
      vea la declaración de 'WSACleanup'
  
C:\Program Files (x86)\Windows Kits\10\Include\10.0.22621.0\um\WinSock2.h(2394,1): error C2375: 'WSASetLastError': nueva definición; vinculación distinta
  (compilando archivo de origen "../../xmlrpc++0.7/xmlrpc++0.7/src/XmlRpcSocket.cpp")
      C:\Program Files (x86)\Windows Kits\10\Include\10.0.22621.0\um\winsock.h(878,17):
      vea la declaración de 'WSASetLastError'
  
C:\Program Files (x86)\Windows Kits\10\Include\10.0.22621.0\um\WinSock2.h(2411,1): error C2375: 'WSAGetLastError': nueva definición; vinculación distinta
  (compilando archivo de origen "../../xmlrpc++0.7/xmlrpc++0.7/src/XmlRpcSocket.cpp")
      C:\Program Files (x86)\Windows Kits\10\Include\10.0.22621.0\um\winsock.h(880,16):
      vea la declaración de 'WSAGetLastError'
  
C:\Program Files (x86)\Windows Kits\10\Include\10.0.22621.0\um\WinSock2.h(2432,1): error C2375: 'WSAIsBlocking': nueva definición; vinculación distinta
  (compilando archivo de origen "../../xmlrpc++0.7/xmlrpc++0.7/src/XmlRpcSocket.cpp")
      C:\Program Files (x86)\Windows Kits\10\Include\10.0.22621.0\um\winsock.h(882,17):
      vea la declaración de 'WSAIsBlocking'
  
C:\Program Files (x86)\Windows Kits\10\Include\10.0.22621.0\um\WinSock2.h(2450,1): error C2375: 'WSAUnhookBlockingHook': nueva definición; vinculación distinta
  (compilando archivo de origen "../../xmlrpc++0.7/xmlrpc++0.7/src/XmlRpcSocket.cpp")
      C:\Program Files (x86)\Windows Kits\10\Include\10.0.22621.0\um\winsock.h(884,16):
      vea la declaración de 'WSAUnhookBlockingHook'
  
C:\Program Files (x86)\Windows Kits\10\Include\10.0.22621.0\um\WinSock2.h(2468,1): error C2375: 'WSASetBlockingHook': nueva definición; vinculación distinta
  (compilando archivo de origen "../../xmlrpc++0.7/xmlrpc++0.7/src/XmlRpcSocket.cpp")
      C:\Program Files (x86)\Windows Kits\10\Include\10.0.22621.0\um\winsock.h(886,20):
      vea la declaración de 'WSASetBlockingHook'
  
C:\Program Files (x86)\Windows Kits\10\Include\10.0.22621.0\um\WinSock2.h(2486,1): error C2375: 'WSACancelBlockingCall': nueva definición; vinculación distinta
  (compilando archivo de origen "../../xmlrpc++0.7/xmlrpc++0.7/src/XmlRpcSocket.cpp")
      C:\Program Files (x86)\Windows Kits\10\Include\10.0.22621.0\um\winsock.h(888,16):
      vea la declaración de 'WSACancelBlockingCall'
  
C:\Program Files (x86)\Windows Kits\10\Include\10.0.22621.0\um\WinSock2.h(2504,1): error C2375: 'WSAAsyncGetServByName': nueva definición; vinculación distinta
  (compilando archivo de origen "../../xmlrpc++0.7/xmlrpc++0.7/src/XmlRpcSocket.cpp")
      C:\Program Files (x86)\Windows Kits\10\Include\10.0.22621.0\um\winsock.h(890,19):
      vea la declaración de 'WSAAsyncGetServByName'
  
C:\Program Files (x86)\Windows Kits\10\Include\10.0.22621.0\um\WinSock2.h(2532,1): error C2375: 'WSAAsyncGetServByPort': nueva definición; vinculación distinta
  (compilando archivo de origen "../../xmlrpc++0.7/xmlrpc++0.7/src/XmlRpcSocket.cpp")
      C:\Program Files (x86)\Windows Kits\10\Include\10.0.22621.0\um\winsock.h(898,19):
      vea la declaración de 'WSAAsyncGetServByPort'
  
C:\Program Files (x86)\Windows Kits\10\Include\10.0.22621.0\um\WinSock2.h(2560,1): error C2375: 'WSAAsyncGetProtoByName': nueva definición; vinculación distinta
  (compilando archivo de origen "../../xmlrpc++0.7/xmlrpc++0.7/src/XmlRpcSocket.cpp")
      C:\Program Files (x86)\Windows Kits\10\Include\10.0.22621.0\um\winsock.h(906,19):
      vea la declaración de 'WSAAsyncGetProtoByName'
  
C:\Program Files (x86)\Windows Kits\10\Include\10.0.22621.0\um\WinSock2.h(2586,1): error C2375: 'WSAAsyncGetProtoByNumber': nueva definición; vinculación distinta
  (compilando archivo de origen "../../xmlrpc++0.7/xmlrpc++0.7/src/XmlRpcSocket.cpp")
      C:\Program Files (x86)\Windows Kits\10\Include\10.0.22621.0\um\winsock.h(913,19):
      vea la declaración de 'WSAAsyncGetProtoByNumber'
  
C:\Program Files (x86)\Windows Kits\10\Include\10.0.22621.0\um\WinSock2.h(2612,1): error C2375: 'WSAAsyncGetHostByName': nueva definición; vinculación distinta
  (compilando archivo de origen "../../xmlrpc++0.7/xmlrpc++0.7/src/XmlRpcSocket.cpp")
      C:\Program Files (x86)\Windows Kits\10\Include\10.0.22621.0\um\winsock.h(920,19):
      vea la declaración de 'WSAAsyncGetHostByName'
  
C:\Program Files (x86)\Windows Kits\10\Include\10.0.22621.0\um\WinSock2.h(2638,1): error C2375: 'WSAAsyncGetHostByAddr': nueva definición; vinculación distinta
  (compilando archivo de origen "../../xmlrpc++0.7/xmlrpc++0.7/src/XmlRpcSocket.cpp")
      C:\Program Files (x86)\Windows Kits\10\Include\10.0.22621.0\um\winsock.h(927,19):
      vea la declaración de 'WSAAsyncGetHostByAddr'
  
C:\Program Files (x86)\Windows Kits\10\Include\10.0.22621.0\um\WinSock2.h(2668,1): error C2375: 'WSACancelAsyncRequest': nueva definición; vinculación distinta
  (compilando archivo de origen "../../xmlrpc++0.7/xmlrpc++0.7/src/XmlRpcSocket.cpp")
      C:\Program Files (x86)\Windows Kits\10\Include\10.0.22621.0\um\winsock.h(936,16):
      vea la declaración de 'WSACancelAsyncRequest'
  
C:\Program Files (x86)\Windows Kits\10\Include\10.0.22621.0\um\WinSock2.h(2686,1): error C2375: 'WSAAsyncSelect': nueva definición; vinculación distinta
  (compilando archivo de origen "../../xmlrpc++0.7/xmlrpc++0.7/src/XmlRpcSocket.cpp")
      C:\Program Files (x86)\Windows Kits\10\Include\10.0.22621.0\um\winsock.h(938,16):
      vea la declaración de 'WSAAsyncSelect'
  
C:\Program Files (x86)\Windows Kits\10\Include\10.0.22621.0\um\WinSock2.h(4318,1): error C2059: error de sintaxis: '}'
  (compilando archivo de origen "../../xmlrpc++0.7/xmlrpc++0.7/src/XmlRpcSocket.cpp")
  
C:\Program Files (x86)\Windows Kits\10\Include\10.0.22621.0\um\WinSock2.h(4318,1): error C2143: error de sintaxis: falta ';' delante de '}'
  (compilando archivo de origen "../../xmlrpc++0.7/xmlrpc++0.7/src/XmlRpcSocket.cpp")
  
C:\Users\Usuario\Desktop\RepoProgramacion\CASTEL_POO_2024\L13784_TP3_v2\xmlrpc++0.7\xmlrpc++0.7\src\XmlRpcSocket.cpp(16,10): warning C4005: 'EINPROGRESS': redefinición de macro
      C:\Program Files (x86)\Windows Kits\10\Include\10.0.22621.0\ucrt\errno.h(101,13):
      vea la definición anterior de “EINPROGRESS”
  
C:\Users\Usuario\Desktop\RepoProgramacion\CASTEL_POO_2024\L13784_TP3_v2\xmlrpc++0.7\xmlrpc++0.7\src\XmlRpcSocket.cpp(17,10): warning C4005: 'EWOULDBLOCK': redefinición de macro
      C:\Program Files (x86)\Windows Kits\10\Include\10.0.22621.0\ucrt\errno.h(129,13):
      vea la definición anterior de “EWOULDBLOCK”
  
C:\Users\Usuario\Desktop\RepoProgramacion\CASTEL_POO_2024\L13784_TP3_v2\xmlrpc++0.7\xmlrpc++0.7\src\XmlRpcSocket.cpp(18,10): warning C4005: 'ETIMEDOUT': redefinición de macro
      C:\Program Files (x86)\Windows Kits\10\Include\10.0.22621.0\ucrt\errno.h(127,13):
      vea la definición anterior de “ETIMEDOUT”
  
C:\Users\Usuario\Desktop\RepoProgramacion\CASTEL_POO_2024\L13784_TP3_v2\xmlrpc++0.7\xmlrpc++0.7\src\XmlRpcSocket.cpp(47,13): error C2079: 'wsaData' utiliza struct 'WSAData' sin definir
C:\Users\Usuario\Desktop\RepoProgramacion\CASTEL_POO_2024\L13784_TP3_v2\xmlrpc++0.7\xmlrpc++0.7\src\XmlRpcSocket.cpp(68,13): error C2653: 'XmlRpcSocket': no es un nombre de clase o espacio de nombres
C:\Users\Usuario\Desktop\RepoProgramacion\CASTEL_POO_2024\L13784_TP3_v2\xmlrpc++0.7\xmlrpc++0.7\src\XmlRpcSocket.cpp(68,27): error C3861: 'getError': no se encontró el identificador
C:\Users\Usuario\Desktop\RepoProgramacion\CASTEL_POO_2024\L13784_TP3_v2\xmlrpc++0.7\xmlrpc++0.7\src\XmlRpcSocket.cpp(80,1): error C2653: 'XmlRpcSocket': no es un nombre de clase o espacio de nombres
C:\Users\Usuario\Desktop\RepoProgramacion\CASTEL_POO_2024\L13784_TP3_v2\xmlrpc++0.7\xmlrpc++0.7\src\XmlRpcSocket.cpp(83,18): error C2264: 'socket': error en la definición o declaración de función; no se ha llamado a la función
C:\Users\Usuario\Desktop\RepoProgramacion\CASTEL_POO_2024\L13784_TP3_v2\xmlrpc++0.7\xmlrpc++0.7\src\XmlRpcSocket.cpp(88,1): error C2653: 'XmlRpcSocket': no es un nombre de clase o espacio de nombres
C:\Users\Usuario\Desktop\RepoProgramacion\CASTEL_POO_2024\L13784_TP3_v2\xmlrpc++0.7\xmlrpc++0.7\src\XmlRpcSocket.cpp(90,3): error C2653: 'XmlRpcUtil': no es un nombre de clase o espacio de nombres
C:\Users\Usuario\Desktop\RepoProgramacion\CASTEL_POO_2024\L13784_TP3_v2\xmlrpc++0.7\xmlrpc++0.7\src\XmlRpcSocket.cpp(90,15): error C2660: 'log': la función no acepta 3 argumentos
      C:\Program Files (x86)\Windows Kits\10\Include\10.0.22621.0\ucrt\corecrt_math.h(484,35):
      vea la declaración de 'log'
      C:\Users\Usuario\Desktop\RepoProgramacion\CASTEL_POO_2024\L13784_TP3_v2\xmlrpc++0.7\xmlrpc++0.7\src\XmlRpcSocket.cpp(90,15):
      al hacer coincidir la lista de argumentos '(int, const char [28], int)'
  
C:\Users\Usuario\Desktop\RepoProgramacion\CASTEL_POO_2024\L13784_TP3_v2\xmlrpc++0.7\xmlrpc++0.7\src\XmlRpcSocket.cpp(102,1): error C2653: 'XmlRpcSocket': no es un nombre de clase o espacio de nombres
C:\Users\Usuario\Desktop\RepoProgramacion\CASTEL_POO_2024\L13784_TP3_v2\xmlrpc++0.7\xmlrpc++0.7\src\XmlRpcSocket.cpp(106,22): error C2568: '==': no se puede resolver la sobrecarga de funciones
      C:\Users\Usuario\Desktop\RepoProgramacion\CASTEL_POO_2024\L13784_TP3_v2\xmlrpc++0.7\xmlrpc++0.7\src\XmlRpcSocket.cpp(106,22):
      puede ser 'int ioctlsocket(SOCKET,long,u_long *)'
  
C:\Users\Usuario\Desktop\RepoProgramacion\CASTEL_POO_2024\L13784_TP3_v2\xmlrpc++0.7\xmlrpc++0.7\src\XmlRpcSocket.cpp(114,1): error C2653: 'XmlRpcSocket': no es un nombre de clase o espacio de nombres
C:\Users\Usuario\Desktop\RepoProgramacion\CASTEL_POO_2024\L13784_TP3_v2\xmlrpc++0.7\xmlrpc++0.7\src\XmlRpcSocket.cpp(118,21): error C2568: '==': no se puede resolver la sobrecarga de funciones
      C:\Users\Usuario\Desktop\RepoProgramacion\CASTEL_POO_2024\L13784_TP3_v2\xmlrpc++0.7\xmlrpc++0.7\src\XmlRpcSocket.cpp(118,21):
      puede ser 'int setsockopt(SOCKET,int,int,const char *,int)'
  
C:\Users\Usuario\Desktop\RepoProgramacion\CASTEL_POO_2024\L13784_TP3_v2\xmlrpc++0.7\xmlrpc++0.7\src\XmlRpcSocket.cpp(124,1): error C2653: 'XmlRpcSocket': no es un nombre de clase o espacio de nombres
C:\Users\Usuario\Desktop\RepoProgramacion\CASTEL_POO_2024\L13784_TP3_v2\xmlrpc++0.7\xmlrpc++0.7\src\XmlRpcSocket.cpp(126,22): error C2079: 'saddr' utiliza struct 'sockaddr_in' sin definir
C:\Users\Usuario\Desktop\RepoProgramacion\CASTEL_POO_2024\L13784_TP3_v2\xmlrpc++0.7\xmlrpc++0.7\src\XmlRpcSocket.cpp(131,13): error C2264: 'bind': error en la definición o declaración de función; no se ha llamado a la función
C:\Users\Usuario\Desktop\RepoProgramacion\CASTEL_POO_2024\L13784_TP3_v2\xmlrpc++0.7\xmlrpc++0.7\src\XmlRpcSocket.cpp(137,1): error C2653: 'XmlRpcSocket': no es un nombre de clase o espacio de nombres
C:\Users\Usuario\Desktop\RepoProgramacion\CASTEL_POO_2024\L13784_TP3_v2\xmlrpc++0.7\xmlrpc++0.7\src\XmlRpcSocket.cpp(144,1): error C2653: 'XmlRpcSocket': no es un nombre de clase o espacio de nombres
C:\Users\Usuario\Desktop\RepoProgramacion\CASTEL_POO_2024\L13784_TP3_v2\xmlrpc++0.7\xmlrpc++0.7\src\XmlRpcSocket.cpp(146,22): error C2079: 'addr' utiliza struct 'sockaddr_in' sin definir
C:\Users\Usuario\Desktop\RepoProgramacion\CASTEL_POO_2024\L13784_TP3_v2\xmlrpc++0.7\xmlrpc++0.7\src\XmlRpcSocket.cpp(154,18): error C2264: 'accept': error en la definición o declaración de función; no se ha llamado a la función
C:\Users\Usuario\Desktop\RepoProgramacion\CASTEL_POO_2024\L13784_TP3_v2\xmlrpc++0.7\xmlrpc++0.7\src\XmlRpcSocket.cpp(161,1): error C2653: 'XmlRpcSocket': no es un nombre de clase o espacio de nombres
C:\Users\Usuario\Desktop\RepoProgramacion\CASTEL_POO_2024\L13784_TP3_v2\xmlrpc++0.7\xmlrpc++0.7\src\XmlRpcSocket.cpp(163,22): error C2079: 'saddr' utiliza struct 'sockaddr_in' sin definir
C:\Users\Usuario\Desktop\RepoProgramacion\CASTEL_POO_2024\L13784_TP3_v2\xmlrpc++0.7\xmlrpc++0.7\src\XmlRpcSocket.cpp(167,22): error C2440: 'inicializando': no se puede realizar la conversión de 'hostent *(__cdecl *)(const char *)' a 'hostent *'
      C:\Users\Usuario\Desktop\RepoProgramacion\CASTEL_POO_2024\L13784_TP3_v2\xmlrpc++0.7\xmlrpc++0.7\src\XmlRpcSocket.cpp(167,22):
      No existe un contexto en el que sea posible realizar esta conversión
  
C:\Users\Usuario\Desktop\RepoProgramacion\CASTEL_POO_2024\L13784_TP3_v2\xmlrpc++0.7\xmlrpc++0.7\src\XmlRpcSocket.cpp(170,22): error C2027: uso del tipo 'hostent' sin definir
      C:\Program Files (x86)\Windows Kits\10\Include\10.0.22621.0\um\winsock.h(164,9):
      vea la declaración de 'hostent'
  
C:\Users\Usuario\Desktop\RepoProgramacion\CASTEL_POO_2024\L13784_TP3_v2\xmlrpc++0.7\xmlrpc++0.7\src\XmlRpcSocket.cpp(171,27): error C2027: uso del tipo 'hostent' sin definir
      C:\Program Files (x86)\Windows Kits\10\Include\10.0.22621.0\um\winsock.h(164,9):
      vea la declaración de 'hostent'
  
C:\Users\Usuario\Desktop\RepoProgramacion\CASTEL_POO_2024\L13784_TP3_v2\xmlrpc++0.7\xmlrpc++0.7\src\XmlRpcSocket.cpp(171,39): error C2027: uso del tipo 'hostent' sin definir
      C:\Program Files (x86)\Windows Kits\10\Include\10.0.22621.0\um\winsock.h(164,9):
      vea la declaración de 'hostent'
  
C:\Users\Usuario\Desktop\RepoProgramacion\CASTEL_POO_2024\L13784_TP3_v2\xmlrpc++0.7\xmlrpc++0.7\src\XmlRpcSocket.cpp(171,3): error C2660: 'memcpy': la función no acepta 1 argumentos
      D:\VisualStudioIDE\VC\Tools\MSVC\14.41.34120\include\vcruntime_string.h(43,15):
      vea la declaración de 'memcpy'
      C:\Users\Usuario\Desktop\RepoProgramacion\CASTEL_POO_2024\L13784_TP3_v2\xmlrpc++0.7\xmlrpc++0.7\src\XmlRpcSocket.cpp(171,3):
      al hacer coincidir la lista de argumentos '()'
  
C:\Users\Usuario\Desktop\RepoProgramacion\CASTEL_POO_2024\L13784_TP3_v2\xmlrpc++0.7\xmlrpc++0.7\src\XmlRpcSocket.cpp(176,18): error C2264: 'connect': error en la definición o declaración de función; no se ha llamado a la función
C:\Users\Usuario\Desktop\RepoProgramacion\CASTEL_POO_2024\L13784_TP3_v2\xmlrpc++0.7\xmlrpc++0.7\src\XmlRpcSocket.cpp(184,1): error C2653: 'XmlRpcSocket': no es un nombre de clase o espacio de nombres
C:\Users\Usuario\Desktop\RepoProgramacion\CASTEL_POO_2024\L13784_TP3_v2\xmlrpc++0.7\xmlrpc++0.7\src\XmlRpcSocket.cpp(194,11): error C2440: 'inicializando': no se puede realizar la conversión de 'int (__cdecl *)(SOCKET,char *,int,int)' a 'int'
      C:\Users\Usuario\Desktop\RepoProgramacion\CASTEL_POO_2024\L13784_TP3_v2\xmlrpc++0.7\xmlrpc++0.7\src\XmlRpcSocket.cpp(194,11):
      No existe un contexto en el que sea posible realizar esta conversión
  
C:\Users\Usuario\Desktop\RepoProgramacion\CASTEL_POO_2024\L13784_TP3_v2\xmlrpc++0.7\xmlrpc++0.7\src\XmlRpcSocket.cpp(198,5): error C2653: 'XmlRpcUtil': no es un nombre de clase o espacio de nombres
C:\Users\Usuario\Desktop\RepoProgramacion\CASTEL_POO_2024\L13784_TP3_v2\xmlrpc++0.7\xmlrpc++0.7\src\XmlRpcSocket.cpp(198,17): error C2660: 'log': la función no acepta 3 argumentos
      C:\Program Files (x86)\Windows Kits\10\Include\10.0.22621.0\ucrt\corecrt_math.h(484,35):
      vea la declaración de 'log'
      C:\Users\Usuario\Desktop\RepoProgramacion\CASTEL_POO_2024\L13784_TP3_v2\xmlrpc++0.7\xmlrpc++0.7\src\XmlRpcSocket.cpp(198,17):
      al hacer coincidir la lista de argumentos '(int, const char [45], int)'
  
C:\Users\Usuario\Desktop\RepoProgramacion\CASTEL_POO_2024\L13784_TP3_v2\xmlrpc++0.7\xmlrpc++0.7\src\XmlRpcSocket.cpp(218,1): error C2653: 'XmlRpcSocket': no es un nombre de clase o espacio de nombres
C:\Users\Usuario\Desktop\RepoProgramacion\CASTEL_POO_2024\L13784_TP3_v2\xmlrpc++0.7\xmlrpc++0.7\src\XmlRpcSocket.cpp(226,11): error C2440: 'inicializando': no se puede realizar la conversión de 'int (__cdecl *)(SOCKET,const char *,int,int)' a 'int'
      C:\Users\Usuario\Desktop\RepoProgramacion\CASTEL_POO_2024\L13784_TP3_v2\xmlrpc++0.7\xmlrpc++0.7\src\XmlRpcSocket.cpp(226,11):
      No existe un contexto en el que sea posible realizar esta conversión
  
C:\Users\Usuario\Desktop\RepoProgramacion\CASTEL_POO_2024\L13784_TP3_v2\xmlrpc++0.7\xmlrpc++0.7\src\XmlRpcSocket.cpp(230,5): error C2653: 'XmlRpcUtil': no es un nombre de clase o espacio de nombres
C:\Users\Usuario\Desktop\RepoProgramacion\CASTEL_POO_2024\L13784_TP3_v2\xmlrpc++0.7\xmlrpc++0.7\src\XmlRpcSocket.cpp(230,17): error C2660: 'log': la función no acepta 3 argumentos
      C:\Program Files (x86)\Windows Kits\10\Include\10.0.22621.0\ucrt\corecrt_math.h(484,35):
      vea la declaración de 'log'
      C:\Users\Usuario\Desktop\RepoProgramacion\CASTEL_POO_2024\L13784_TP3_v2\xmlrpc++0.7\xmlrpc++0.7\src\XmlRpcSocket.cpp(230,17):
      al hacer coincidir la lista de argumentos '(int, const char [47], int)'
  
C:\Users\Usuario\Desktop\RepoProgramacion\CASTEL_POO_2024\L13784_TP3_v2\xmlrpc++0.7\xmlrpc++0.7\src\XmlRpcSocket.cpp(248,1): error C2653: 'XmlRpcSocket': no es un nombre de clase o espacio de nombres
C:\Users\Usuario\Desktop\RepoProgramacion\CASTEL_POO_2024\L13784_TP3_v2\xmlrpc++0.7\xmlrpc++0.7\src\XmlRpcSocket.cpp(260,1): error C2653: 'XmlRpcSocket': no es un nombre de clase o espacio de nombres
C:\Users\Usuario\Desktop\RepoProgramacion\CASTEL_POO_2024\L13784_TP3_v2\xmlrpc++0.7\xmlrpc++0.7\src\XmlRpcSocket.cpp(262,10): error C2660: 'getErrorMsg': la función no acepta 1 argumentos
      C:\Users\Usuario\Desktop\RepoProgramacion\CASTEL_POO_2024\L13784_TP3_v2\xmlrpc++0.7\xmlrpc++0.7\src\XmlRpcSocket.cpp(260,15):
      vea la declaración de 'getErrorMsg'
      C:\Users\Usuario\Desktop\RepoProgramacion\CASTEL_POO_2024\L13784_TP3_v2\xmlrpc++0.7\xmlrpc++0.7\src\XmlRpcSocket.cpp(262,10):
      al hacer coincidir la lista de argumentos '(int)'
  
C:\Users\Usuario\Desktop\RepoProgramacion\CASTEL_POO_2024\L13784_TP3_v2\xmlrpc++0.7\xmlrpc++0.7\src\XmlRpcSocket.cpp(262,10): error C1003: el recuento de errores supera 100; se detiene la compilación
  XmlRpcSource.cpp
  XmlRpcUtil.cpp
C:\Users\Usuario\Desktop\RepoProgramacion\CASTEL_POO_2024\L13784_TP3_v2\xmlrpc++0.7\xmlrpc++0.7\src\XmlRpcUtil.cpp(78,5): error C4996: '_vsnprintf': This function or variable may be unsafe. Consider using _vsnprintf_s instead. To disable deprecation, use _CRT_SECURE_NO_WARNINGS. See online help for details.
C:\Users\Usuario\Desktop\RepoProgramacion\CASTEL_POO_2024\L13784_TP3_v2\xmlrpc++0.7\xmlrpc++0.7\src\XmlRpcUtil.cpp(90,3): error C4996: '_vsnprintf': This function or variable may be unsafe. Consider using _vsnprintf_s instead. To disable deprecation, use _CRT_SECURE_NO_WARNINGS. See online help for details.
  XmlRpcValue.cpp
C:\Users\Usuario\Desktop\RepoProgramacion\CASTEL_POO_2024\L13784_TP3_v2\xmlrpc++0.7\xmlrpc++0.7\src\base64.h(232,13): error C2039: "failbit": no es un miembro de "std::ios_base"
  (compilando archivo de origen "../../xmlrpc++0.7/xmlrpc++0.7/src/XmlRpcValue.cpp")
      D:\VisualStudioIDE\VC\Tools\MSVC\14.41.34120\include\iosfwd(165,32):
      vea la declaración de 'std::ios_base'
      C:\Users\Usuario\Desktop\RepoProgramacion\CASTEL_POO_2024\L13784_TP3_v2\xmlrpc++0.7\xmlrpc++0.7\src\base64.h(215,7):
      Diagnóstico en la función '_II base64<_E,_Tr>::get(_II,_II,_OI,_State &) const' generada por el compilador
      C:\Users\Usuario\Desktop\RepoProgramacion\CASTEL_POO_2024\L13784_TP3_v2\xmlrpc++0.7\xmlrpc++0.7\src\base64.h(232,13):
      el contexto de creación de instancias de la plantilla (el más antiguo primero) es
          C:\Users\Usuario\Desktop\RepoProgramacion\CASTEL_POO_2024\L13784_TP3_v2\xmlrpc++0.7\xmlrpc++0.7\src\base64.h(42,7):
          al compilar la plantilla de clase 'base64'
  
C:\Users\Usuario\Desktop\RepoProgramacion\CASTEL_POO_2024\L13784_TP3_v2\xmlrpc++0.7\xmlrpc++0.7\src\base64.h(252,12): error C2039: "failbit": no es un miembro de "std::ios_base"
  (compilando archivo de origen "../../xmlrpc++0.7/xmlrpc++0.7/src/XmlRpcValue.cpp")
      D:\VisualStudioIDE\VC\Tools\MSVC\14.41.34120\include\iosfwd(165,32):
      vea la declaración de 'std::ios_base'
      C:\Users\Usuario\Desktop\RepoProgramacion\CASTEL_POO_2024\L13784_TP3_v2\xmlrpc++0.7\xmlrpc++0.7\src\base64.h(215,7):
      Diagnóstico en la función '_II base64<_E,_Tr>::get(_II,_II,_OI,_State &) const' generada por el compilador
  
C:\Users\Usuario\Desktop\RepoProgramacion\CASTEL_POO_2024\L13784_TP3_v2\xmlrpc++0.7\xmlrpc++0.7\src\base64.h(273,12): error C2039: "failbit": no es un miembro de "std::ios_base"
  (compilando archivo de origen "../../xmlrpc++0.7/xmlrpc++0.7/src/XmlRpcValue.cpp")
      D:\VisualStudioIDE\VC\Tools\MSVC\14.41.34120\include\iosfwd(165,32):
      vea la declaración de 'std::ios_base'
      C:\Users\Usuario\Desktop\RepoProgramacion\CASTEL_POO_2024\L13784_TP3_v2\xmlrpc++0.7\xmlrpc++0.7\src\base64.h(215,7):
      Diagnóstico en la función '_II base64<_E,_Tr>::get(_II,_II,_OI,_State &) const' generada por el compilador
  
C:\Users\Usuario\Desktop\RepoProgramacion\CASTEL_POO_2024\L13784_TP3_v2\xmlrpc++0.7\xmlrpc++0.7\src\XmlRpcValue.cpp(317,5): error C4996: '_snprintf': This function or variable may be unsafe. Consider using _snprintf_s instead. To disable deprecation, use _CRT_SECURE_NO_WARNINGS. See online help for details.
C:\Users\Usuario\Desktop\RepoProgramacion\CASTEL_POO_2024\L13784_TP3_v2\xmlrpc++0.7\xmlrpc++0.7\src\XmlRpcValue.cpp(345,5): error C4996: '_snprintf': This function or variable may be unsafe. Consider using _snprintf_s instead. To disable deprecation, use _CRT_SECURE_NO_WARNINGS. See online help for details.
C:\Users\Usuario\Desktop\RepoProgramacion\CASTEL_POO_2024\L13784_TP3_v2\xmlrpc++0.7\xmlrpc++0.7\src\XmlRpcValue.cpp(389,9): error C4996: 'sscanf': This function or variable may be unsafe. Consider using sscanf_s instead. To disable deprecation, use _CRT_SECURE_NO_WARNINGS. See online help for details.
C:\Users\Usuario\Desktop\RepoProgramacion\CASTEL_POO_2024\L13784_TP3_v2\xmlrpc++0.7\xmlrpc++0.7\src\XmlRpcValue.cpp(403,5): error C4996: '_snprintf': This function or variable may be unsafe. Consider using _snprintf_s instead. To disable deprecation, use _CRT_SECURE_NO_WARNINGS. See online help for details.
C:\Users\Usuario\Desktop\RepoProgramacion\CASTEL_POO_2024\L13784_TP3_v2\xmlrpc++0.7\xmlrpc++0.7\src\XmlRpcValue.cpp(555,11): error C4996: '_snprintf': This function or variable may be unsafe. Consider using _snprintf_s instead. To disable deprecation, use _CRT_SECURE_NO_WARNINGS. See online help for details.
  Generando código...
