  main.cpp
libxmlrpc++.lib(libwww.obj) : error LNK2001: unresolved external symbol "public: __thiscall girmem::autoObjectPtr::~autoObjectPtr(void)" (??1autoObjectPtr@girmem@@QAE@XZ)
libxmlrpc++.lib(wininet.obj) : error LNK2001: unresolved external symbol "public: __thiscall girmem::autoObjectPtr::~autoObjectPtr(void)" (??1autoObjectPtr@girmem@@QAE@XZ)
main.obj : error LNK2001: unresolved external symbol "public: __thiscall girmem::autoObjectPtr::~autoObjectPtr(void)" (??1autoObjectPtr@girmem@@QAE@XZ)
libxmlrpc++.lib(client_simple.obj) : error LNK2001: unresolved external symbol "public: __thiscall girmem::autoObjectPtr::~autoObjectPtr(void)" (??1autoObjectPtr@girmem@@QAE@XZ)
libxmlrpc++.lib(client.obj) : error LNK2001: unresolved external symbol "public: __thiscall girmem::autoObjectPtr::~autoObjectPtr(void)" (??1autoObjectPtr@girmem@@QAE@XZ)
libxmlrpc++.lib(curl.obj) : error LNK2001: unresolved external symbol "public: __thiscall girmem::autoObjectPtr::~autoObjectPtr(void)" (??1autoObjectPtr@girmem@@QAE@XZ)
libxmlrpc.lib(xmlrpc_expat.obj) : error LNK2001: unresolved external symbol _xmlrpc_strfree
libxmlrpc_client.lib(xmlrpc_server_info.obj) : error LNK2001: unresolved external symbol _xmlrpc_strfree
libxmlrpc.lib(xmlrpc_build.obj) : error LNK2001: unresolved external symbol _xmlrpc_strfree
libxmlrpc.lib(xmlrpc_serialize.obj) : error LNK2001: unresolved external symbol _xmlrpc_strfree
libxmlrpc.lib(xmlrpc_parse.obj) : error LNK2001: unresolved external symbol _xmlrpc_strfree
libxmlrpc.lib(trace.obj) : error LNK2001: unresolved external symbol _xmlrpc_strfree
libxmlrpc++.lib(value.obj) : error LNK2001: unresolved external symbol _xmlrpc_strfree
libxmlrpc++.lib(xml.obj) : error LNK2001: unresolved external symbol _xmlrpc_strfree
libxmlrpc.lib(xmlrpc_datetime.obj) : error LNK2001: unresolved external symbol _xmlrpc_strfree
libxmlrpc.lib(xmlrpc_string.obj) : error LNK2001: unresolved external symbol _xmlrpc_strfree
libxmlrpc++.lib(curl.obj) : error LNK2001: unresolved external symbol "public: __thiscall xmlrpc_c::env_wrap::env_wrap(void)" (??0env_wrap@xmlrpc_c@@QAE@XZ)
libxmlrpc++.lib(libwww.obj) : error LNK2001: unresolved external symbol "public: __thiscall xmlrpc_c::env_wrap::env_wrap(void)" (??0env_wrap@xmlrpc_c@@QAE@XZ)
libxmlrpc++.lib(wininet.obj) : error LNK2001: unresolved external symbol "public: __thiscall xmlrpc_c::env_wrap::env_wrap(void)" (??0env_wrap@xmlrpc_c@@QAE@XZ)
libxmlrpc++.lib(value.obj) : error LNK2001: unresolved external symbol "public: __thiscall xmlrpc_c::env_wrap::env_wrap(void)" (??0env_wrap@xmlrpc_c@@QAE@XZ)
libxmlrpc++.lib(client_simple.obj) : error LNK2001: unresolved external symbol "public: __thiscall xmlrpc_c::env_wrap::env_wrap(void)" (??0env_wrap@xmlrpc_c@@QAE@XZ)
libxmlrpc++.lib(client.obj) : error LNK2001: unresolved external symbol "public: __thiscall xmlrpc_c::env_wrap::env_wrap(void)" (??0env_wrap@xmlrpc_c@@QAE@XZ)
libxmlrpc++.lib(xml.obj) : error LNK2001: unresolved external symbol "public: __thiscall xmlrpc_c::env_wrap::env_wrap(void)" (??0env_wrap@xmlrpc_c@@QAE@XZ)
libxmlrpc++.lib(curl.obj) : error LNK2001: unresolved external symbol "public: __thiscall xmlrpc_c::env_wrap::~env_wrap(void)" (??1env_wrap@xmlrpc_c@@QAE@XZ)
libxmlrpc++.lib(libwww.obj) : error LNK2001: unresolved external symbol "public: __thiscall xmlrpc_c::env_wrap::~env_wrap(void)" (??1env_wrap@xmlrpc_c@@QAE@XZ)
libxmlrpc++.lib(wininet.obj) : error LNK2001: unresolved external symbol "public: __thiscall xmlrpc_c::env_wrap::~env_wrap(void)" (??1env_wrap@xmlrpc_c@@QAE@XZ)
libxmlrpc++.lib(value.obj) : error LNK2001: unresolved external symbol "public: __thiscall xmlrpc_c::env_wrap::~env_wrap(void)" (??1env_wrap@xmlrpc_c@@QAE@XZ)
libxmlrpc++.lib(client_simple.obj) : error LNK2001: unresolved external symbol "public: __thiscall xmlrpc_c::env_wrap::~env_wrap(void)" (??1env_wrap@xmlrpc_c@@QAE@XZ)
libxmlrpc++.lib(client.obj) : error LNK2001: unresolved external symbol "public: __thiscall xmlrpc_c::env_wrap::~env_wrap(void)" (??1env_wrap@xmlrpc_c@@QAE@XZ)
libxmlrpc++.lib(xml.obj) : error LNK2001: unresolved external symbol "public: __thiscall xmlrpc_c::env_wrap::~env_wrap(void)" (??1env_wrap@xmlrpc_c@@QAE@XZ)
libxmlrpc++.lib(client_simple.obj) : error LNK2019: unresolved external symbol "public: __thiscall girmem::autoObjectPtr::autoObjectPtr(class girmem::autoObjectPtr const &)" (??0autoObjectPtr@girmem@@QAE@ABV01@@Z) referenced in function "public: __thiscall xmlrpc_c::clientXmlTransportPtr::clientXmlTransportPtr(class xmlrpc_c::clientXmlTransportPtr const &)" (??0clientXmlTransportPtr@xmlrpc_c@@QAE@ABV01@@Z)
libxmlrpc++.lib(client.obj) : error LNK2001: unresolved external symbol "public: __thiscall girmem::autoObjectPtr::autoObjectPtr(class girmem::autoObjectPtr const &)" (??0autoObjectPtr@girmem@@QAE@ABV01@@Z)
libxmlrpc++.lib(client_simple.obj) : error LNK2019: unresolved external symbol "public: class girmem::autoObjectPtr __thiscall girmem::autoObjectPtr::operator=(class girmem::autoObjectPtr const &)" (??4autoObjectPtr@girmem@@QAE?AV01@ABV01@@Z) referenced in function "public: class xmlrpc_c::clientPtr & __thiscall xmlrpc_c::clientPtr::operator=(class xmlrpc_c::clientPtr &&)" (??4clientPtr@xmlrpc_c@@QAEAAV01@$$QAV01@@Z)
libxmlrpc++.lib(wininet.obj) : error LNK2001: unresolved external symbol "void __cdecl girerr::throwf(char const * const,...)" (?throwf@girerr@@YAXQBDZZ)
libxmlrpc++.lib(client.obj) : error LNK2001: unresolved external symbol "void __cdecl girerr::throwf(char const * const,...)" (?throwf@girerr@@YAXQBDZZ)
libxmlrpc++.lib(xml.obj) : error LNK2001: unresolved external symbol "void __cdecl girerr::throwf(char const * const,...)" (?throwf@girerr@@YAXQBDZZ)
libxmlrpc++.lib(curl.obj) : error LNK2001: unresolved external symbol "void __cdecl girerr::throwf(char const * const,...)" (?throwf@girerr@@YAXQBDZZ)
libxmlrpc++.lib(libwww.obj) : error LNK2001: unresolved external symbol "void __cdecl girerr::throwf(char const * const,...)" (?throwf@girerr@@YAXQBDZZ)
libxmlrpc++.lib(client.obj) : error LNK2019: unresolved external symbol "protected: __thiscall girmem::autoObject::autoObject(void)" (??0autoObject@girmem@@IAE@XZ) referenced in function "protected: __thiscall xmlrpc_c::carriageParm::carriageParm(void)" (??0carriageParm@xmlrpc_c@@IAE@XZ)
libxmlrpc++.lib(curl.obj) : error LNK2001: unresolved external symbol "protected: __thiscall girmem::autoObject::autoObject(void)" (??0autoObject@girmem@@IAE@XZ)
libxmlrpc++.lib(libwww.obj) : error LNK2001: unresolved external symbol "protected: __thiscall girmem::autoObject::autoObject(void)" (??0autoObject@girmem@@IAE@XZ)
libxmlrpc++.lib(wininet.obj) : error LNK2001: unresolved external symbol "protected: __thiscall girmem::autoObject::autoObject(void)" (??0autoObject@girmem@@IAE@XZ)
libxmlrpc++.lib(client.obj) : error LNK2019: unresolved external symbol "protected: virtual __thiscall girmem::autoObject::~autoObject(void)" (??1autoObject@girmem@@MAE@XZ) referenced in function __unwindfunclet$??0serverAccessor@xmlrpc_c@@QAE@VclientPtr@1@VcarriageParmPtr@1@@Z$2
libxmlrpc++.lib(client.obj) : error LNK2019: unresolved external symbol "public: __thiscall girmem::autoObjectPtr::autoObjectPtr(void)" (??0autoObjectPtr@girmem@@QAE@XZ) referenced in function "public: __thiscall xmlrpc_c::carriageParmPtr::carriageParmPtr(void)" (??0carriageParmPtr@xmlrpc_c@@QAE@XZ)
libxmlrpc++.lib(client.obj) : error LNK2019: unresolved external symbol "public: __thiscall girmem::autoObjectPtr::autoObjectPtr(class girmem::autoObject *)" (??0autoObjectPtr@girmem@@QAE@PAVautoObject@1@@Z) referenced in function "public: __thiscall xmlrpc_c::carriageParmPtr::carriageParmPtr(class xmlrpc_c::carriageParm * const)" (??0carriageParmPtr@xmlrpc_c@@QAE@QAVcarriageParm@1@@Z)
libxmlrpc.lib(xmlrpc_expat.obj) : error LNK2001: unresolved external symbol _xmlrpc_mem_block_new
libxmlrpc.lib(xmlrpc_string.obj) : error LNK2001: unresolved external symbol _xmlrpc_mem_block_new
libxmlrpc.lib(xmlrpc_array.obj) : error LNK2001: unresolved external symbol _xmlrpc_mem_block_new
libxmlrpc.lib(xmlrpc_struct.obj) : error LNK2001: unresolved external symbol _xmlrpc_mem_block_new
libxmlrpc.lib(xmlrpc_serialize.obj) : error LNK2001: unresolved external symbol _xmlrpc_mem_block_new
libxmlrpc++.lib(client.obj) : error LNK2001: unresolved external symbol _xmlrpc_mem_block_new
libxmlrpc++.lib(xml.obj) : error LNK2001: unresolved external symbol _xmlrpc_mem_block_new
libxmlrpc++.lib(xmlrpc_wininet_transport.obj) : error LNK2001: unresolved external symbol _xmlrpc_mem_block_new
libxmlrpc.lib(xmlrpc_data.obj) : error LNK2001: unresolved external symbol _xmlrpc_mem_block_new
libxmlrpc.lib(xmlrpc_expat.obj) : error LNK2001: unresolved external symbol _xmlrpc_mem_block_free
libxmlrpc.lib(parse_value.obj) : error LNK2001: unresolved external symbol _xmlrpc_mem_block_free
libxmlrpc_client.lib(xmlrpc_server_info.obj) : error LNK2001: unresolved external symbol _xmlrpc_mem_block_free
libxmlrpc.lib(xmlrpc_string.obj) : error LNK2001: unresolved external symbol _xmlrpc_mem_block_free
libxmlrpc.lib(xmlrpc_array.obj) : error LNK2001: unresolved external symbol _xmlrpc_mem_block_free
libxmlrpc.lib(xmlrpc_struct.obj) : error LNK2001: unresolved external symbol _xmlrpc_mem_block_free
libxmlrpc.lib(xmlrpc_serialize.obj) : error LNK2001: unresolved external symbol _xmlrpc_mem_block_free
libxmlrpc++.lib(client.obj) : error LNK2001: unresolved external symbol _xmlrpc_mem_block_free
libxmlrpc++.lib(xml.obj) : error LNK2001: unresolved external symbol _xmlrpc_mem_block_free
libxmlrpc++.lib(xmlrpc_wininet_transport.obj) : error LNK2001: unresolved external symbol _xmlrpc_mem_block_free
libxmlrpc.lib(xmlrpc_data.obj) : error LNK2001: unresolved external symbol _xmlrpc_mem_block_free
libxmlrpc.lib(parse_value.obj) : error LNK2001: unresolved external symbol _xmlrpc_mem_block_size
libxmlrpc_client.lib(xmlrpc_server_info.obj) : error LNK2001: unresolved external symbol _xmlrpc_mem_block_size
libxmlrpc.lib(xmlrpc_array.obj) : error LNK2001: unresolved external symbol _xmlrpc_mem_block_size
libxmlrpc.lib(xmlrpc_struct.obj) : error LNK2001: unresolved external symbol _xmlrpc_mem_block_size
libxmlrpc.lib(xmlrpc_serialize.obj) : error LNK2001: unresolved external symbol _xmlrpc_mem_block_size
libxmlrpc.lib(xmlrpc_expat.obj) : error LNK2001: unresolved external symbol _xmlrpc_mem_block_size
libxmlrpc++.lib(client.obj) : error LNK2001: unresolved external symbol _xmlrpc_mem_block_size
libxmlrpc++.lib(xml.obj) : error LNK2001: unresolved external symbol _xmlrpc_mem_block_size
libxmlrpc.lib(xmlrpc_data.obj) : error LNK2001: unresolved external symbol _xmlrpc_mem_block_size
libxmlrpc.lib(xmlrpc_string.obj) : error LNK2001: unresolved external symbol _xmlrpc_mem_block_size
libxmlrpc.lib(xmlrpc_expat.obj) : error LNK2001: unresolved external symbol _xmlrpc_mem_block_contents
libxmlrpc.lib(parse_value.obj) : error LNK2001: unresolved external symbol _xmlrpc_mem_block_contents
libxmlrpc_client.lib(xmlrpc_server_info.obj) : error LNK2001: unresolved external symbol _xmlrpc_mem_block_contents
libxmlrpc.lib(xmlrpc_string.obj) : error LNK2001: unresolved external symbol _xmlrpc_mem_block_contents
libxmlrpc.lib(xmlrpc_array.obj) : error LNK2001: unresolved external symbol _xmlrpc_mem_block_contents
libxmlrpc.lib(xmlrpc_struct.obj) : error LNK2001: unresolved external symbol _xmlrpc_mem_block_contents
libxmlrpc.lib(xmlrpc_serialize.obj) : error LNK2001: unresolved external symbol _xmlrpc_mem_block_contents
libxmlrpc++.lib(client.obj) : error LNK2001: unresolved external symbol _xmlrpc_mem_block_contents
libxmlrpc++.lib(xml.obj) : error LNK2001: unresolved external symbol _xmlrpc_mem_block_contents
libxmlrpc++.lib(xmlrpc_wininet_transport.obj) : error LNK2001: unresolved external symbol _xmlrpc_mem_block_contents
libxmlrpc.lib(xmlrpc_data.obj) : error LNK2001: unresolved external symbol _xmlrpc_mem_block_contents
libxmlrpc.lib(xmlrpc_expat.obj) : error LNK2001: unresolved external symbol _xmlrpc_mem_block_append
libxmlrpc++.lib(client.obj) : error LNK2001: unresolved external symbol _xmlrpc_mem_block_append
libxmlrpc++.lib(xmlrpc_wininet_transport.obj) : error LNK2001: unresolved external symbol _xmlrpc_mem_block_append
libxmlrpc.lib(xmlrpc_struct.obj) : error LNK2001: unresolved external symbol _xmlrpc_mem_block_append
libxmlrpc.lib(xmlrpc_serialize.obj) : error LNK2001: unresolved external symbol _xmlrpc_mem_block_append
libxmlrpc_client.lib(xmlrpc_server_info.obj) : error LNK2001: unresolved external symbol _xmlrpc_assertion_failed
libxmlrpc.lib(xmlrpc_parse.obj) : error LNK2001: unresolved external symbol _xmlrpc_assertion_failed
libxmlrpc.lib(resource.obj) : error LNK2001: unresolved external symbol _xmlrpc_assertion_failed
libxmlrpc.lib(xmlrpc_expat.obj) : error LNK2001: unresolved external symbol _xmlrpc_assertion_failed
libxmlrpc.lib(parse_value.obj) : error LNK2001: unresolved external symbol _xmlrpc_assertion_failed
libxmlrpc.lib(xmlrpc_array.obj) : error LNK2001: unresolved external symbol _xmlrpc_assertion_failed
libxmlrpc.lib(xmlrpc_struct.obj) : error LNK2001: unresolved external symbol _xmlrpc_assertion_failed
libxmlrpc.lib(xmlrpc_build.obj) : error LNK2001: unresolved external symbol _xmlrpc_assertion_failed
libxmlrpc.lib(xmlrpc_serialize.obj) : error LNK2001: unresolved external symbol _xmlrpc_assertion_failed
libxmlrpc++.lib(xml.obj) : error LNK2001: unresolved external symbol _xmlrpc_assertion_failed
libxmlrpc++.lib(xmlrpc_wininet_transport.obj) : error LNK2001: unresolved external symbol _xmlrpc_assertion_failed
libxmlrpc.lib(xmlrpc_data.obj) : error LNK2001: unresolved external symbol _xmlrpc_assertion_failed
libxmlrpc.lib(xmlrpc_string.obj) : error LNK2001: unresolved external symbol _xmlrpc_assertion_failed
libxmlrpc.lib(xmlrpc_parse.obj) : error LNK2001: unresolved external symbol _xmlrpc_env_set_fault
libxmlrpc.lib(xmlrpc_expat.obj) : error LNK2001: unresolved external symbol _xmlrpc_env_set_fault
libxmlrpc.lib(parse_value.obj) : error LNK2001: unresolved external symbol _xmlrpc_env_set_fault
libxmlrpc++.lib(xml.obj) : error LNK2001: unresolved external symbol _xmlrpc_env_set_fault
libxmlrpc++.lib(xmlrpc_wininet_transport.obj) : error LNK2001: unresolved external symbol _xmlrpc_env_set_fault
libxmlrpc.lib(xmlrpc_struct.obj) : error LNK2001: unresolved external symbol _xmlrpc_env_set_fault
libxmlrpc.lib(xmlrpc_build.obj) : error LNK2001: unresolved external symbol _xmlrpc_env_set_fault
libxmlrpc++.lib(curl.obj) : error LNK2019: unresolved external symbol "public: void __thiscall girmem::autoObjectPtr::point(class girmem::autoObject * const)" (?point@autoObjectPtr@girmem@@QAEXQAVautoObject@2@@Z) referenced in function "public: __thiscall xmlrpc_c::carriageParm_curl0Ptr::carriageParm_curl0Ptr(class xmlrpc_c::carriageParm_curl0 * const)" (??0carriageParm_curl0Ptr@xmlrpc_c@@QAE@QAVcarriageParm_curl0@1@@Z)
libxmlrpc++.lib(libwww.obj) : error LNK2001: unresolved external symbol "public: void __thiscall girmem::autoObjectPtr::point(class girmem::autoObject * const)" (?point@autoObjectPtr@girmem@@QAEXQAVautoObject@2@@Z)
libxmlrpc++.lib(wininet.obj) : error LNK2001: unresolved external symbol "public: void __thiscall girmem::autoObjectPtr::point(class girmem::autoObject * const)" (?point@autoObjectPtr@girmem@@QAEXQAVautoObject@2@@Z)
libxmlrpc++.lib(xmlrpc_wininet_transport.obj) : error LNK2019: unresolved external symbol __imp__InternetCrackUrlA@16 referenced in function _createWinInetTransaction
libxmlrpc++.lib(xmlrpc_wininet_transport.obj) : error LNK2019: unresolved external symbol __imp__InternetOpenA@20 referenced in function _create
libxmlrpc++.lib(xmlrpc_wininet_transport.obj) : error LNK2019: unresolved external symbol __imp__InternetCloseHandle@4 referenced in function _destroy
libxmlrpc++.lib(xmlrpc_wininet_transport.obj) : error LNK2019: unresolved external symbol __imp__InternetConnectA@32 referenced in function _performWinInetTransaction
libxmlrpc++.lib(xmlrpc_wininet_transport.obj) : error LNK2019: unresolved external symbol __imp__InternetReadFileExA@16 referenced in function _get_wininet_response
libxmlrpc++.lib(xmlrpc_wininet_transport.obj) : error LNK2019: unresolved external symbol __imp__InternetQueryDataAvailable@16 referenced in function _get_wininet_response
libxmlrpc++.lib(xmlrpc_wininet_transport.obj) : error LNK2019: unresolved external symbol __imp__InternetSetOptionA@16 referenced in function _performWinInetTransaction
libxmlrpc++.lib(xmlrpc_wininet_transport.obj) : error LNK2019: unresolved external symbol __imp__HttpOpenRequestA@32 referenced in function _performWinInetTransaction
libxmlrpc++.lib(xmlrpc_wininet_transport.obj) : error LNK2019: unresolved external symbol __imp__HttpAddRequestHeadersA@16 referenced in function _performWinInetTransaction
libxmlrpc++.lib(xmlrpc_wininet_transport.obj) : error LNK2019: unresolved external symbol __imp__HttpSendRequestA@20 referenced in function _performWinInetTransaction
libxmlrpc++.lib(xmlrpc_wininet_transport.obj) : error LNK2019: unresolved external symbol __imp__HttpQueryInfoA@20 referenced in function _get_wininet_response
libxmlrpc++.lib(xmlrpc_wininet_transport.obj) : error LNK2019: unresolved external symbol _xmlrpc_lock_create referenced in function _create
libxmlrpc.lib(xmlrpc_data.obj) : error LNK2001: unresolved external symbol _xmlrpc_lock_create
libxmlrpc.lib(parse_value.obj) : error LNK2019: unresolved external symbol _xmlrpc_env_init referenced in function _parseDouble
libxmlrpc++.lib(xmlrpc_wininet_transport.obj) : error LNK2001: unresolved external symbol _xmlrpc_env_init
libxmlrpc.lib(xmlrpc_serialize.obj) : error LNK2001: unresolved external symbol _xmlrpc_env_init
libxmlrpc.lib(xmlrpc_parse.obj) : error LNK2001: unresolved external symbol _xmlrpc_env_init
libxmlrpc.lib(xmlrpc_expat.obj) : error LNK2001: unresolved external symbol _xmlrpc_env_init
libxmlrpc.lib(parse_value.obj) : error LNK2019: unresolved external symbol _xmlrpc_env_clean referenced in function _parseDouble
libxmlrpc++.lib(xmlrpc_wininet_transport.obj) : error LNK2001: unresolved external symbol _xmlrpc_env_clean
libxmlrpc.lib(xmlrpc_serialize.obj) : error LNK2001: unresolved external symbol _xmlrpc_env_clean
libxmlrpc.lib(xmlrpc_parse.obj) : error LNK2001: unresolved external symbol _xmlrpc_env_clean
libxmlrpc.lib(xmlrpc_expat.obj) : error LNK2001: unresolved external symbol _xmlrpc_env_clean
libxmlrpc.lib(xmlrpc_expat.obj) : error LNK2001: unresolved external symbol _xmlrpc_env_set_fault_formatted
libxmlrpc.lib(parse_datetime.obj) : error LNK2001: unresolved external symbol _xmlrpc_env_set_fault_formatted
libxmlrpc.lib(xmlrpc_array.obj) : error LNK2001: unresolved external symbol _xmlrpc_env_set_fault_formatted
libxmlrpc.lib(xmlrpc_struct.obj) : error LNK2001: unresolved external symbol _xmlrpc_env_set_fault_formatted
libxmlrpc.lib(xmlrpc_build.obj) : error LNK2001: unresolved external symbol _xmlrpc_env_set_fault_formatted
libxmlrpc.lib(xmlrpc_parse.obj) : error LNK2001: unresolved external symbol _xmlrpc_env_set_fault_formatted
libxmlrpc++.lib(xmlrpc_wininet_transport.obj) : error LNK2001: unresolved external symbol _xmlrpc_env_set_fault_formatted
libxmlrpc.lib(xmlrpc_data.obj) : error LNK2001: unresolved external symbol _xmlrpc_env_set_fault_formatted
libxmlrpc.lib(xmlrpc_datetime.obj) : error LNK2001: unresolved external symbol _xmlrpc_env_set_fault_formatted
libxmlrpc.lib(xmlrpc_string.obj) : error LNK2001: unresolved external symbol _xmlrpc_env_set_fault_formatted
libxmlrpc.lib(xmlrpc_expat.obj) : error LNK2019: unresolved external symbol _xmlrpc_faultf referenced in function _xml_element_append_cdata
libxmlrpc.lib(parse_datetime.obj) : error LNK2001: unresolved external symbol _xmlrpc_faultf
libxmlrpc_client.lib(xmlrpc_server_info.obj) : error LNK2001: unresolved external symbol _xmlrpc_faultf
libxmlrpc.lib(xmlrpc_build.obj) : error LNK2001: unresolved external symbol _xmlrpc_faultf
libxmlrpc.lib(xmlrpc_serialize.obj) : error LNK2001: unresolved external symbol _xmlrpc_faultf
libxmlrpc.lib(xmlrpc_parse.obj) : error LNK2001: unresolved external symbol _xmlrpc_faultf
libxmlrpc.lib(double.obj) : error LNK2001: unresolved external symbol _xmlrpc_faultf
libxmlrpc++.lib(xmlrpc_wininet_transport.obj) : error LNK2001: unresolved external symbol _xmlrpc_faultf
libxmlrpc.lib(xmlrpc_data.obj) : error LNK2001: unresolved external symbol _xmlrpc_faultf
libxmlrpc.lib(xmlrpc_datetime.obj) : error LNK2001: unresolved external symbol _xmlrpc_faultf
libxmlrpc.lib(xmlrpc_string.obj) : error LNK2001: unresolved external symbol _xmlrpc_faultf
libxmlrpc.lib(xmlrpc_datetime.obj) : error LNK2019: unresolved external symbol _xmlrpc_strnomem referenced in function _xmlrpc_read_datetime_8601
libxmlrpc.lib(xmlrpc_string.obj) : error LNK2001: unresolved external symbol _xmlrpc_strnomem
libxmlrpc.lib(xmlrpc_datetime.obj) : error LNK2019: unresolved external symbol _xmlrpc_asprintf referenced in function _xmlrpc_read_datetime_8601
libxmlrpc_client.lib(xmlrpc_server_info.obj) : error LNK2001: unresolved external symbol _xmlrpc_asprintf
libxmlrpc.lib(xmlrpc_datetime.obj) : error LNK2019: unresolved external symbol _xmlrpc_timegm referenced in function _xmlrpc_read_datetime_usec
libxmlrpc.lib(xmlrpc_datetime.obj) : error LNK2019: unresolved external symbol _xmlrpc_gmtime referenced in function _xmlrpc_datetime_new_usec
libxmlrpc.lib(xmlrpc_string.obj) : error LNK2019: unresolved external symbol _xmlrpc_mem_block_resize referenced in function _copyLines
libxmlrpc.lib(xmlrpc_array.obj) : error LNK2001: unresolved external symbol _xmlrpc_mem_block_resize
libxmlrpc.lib(xmlrpc_string.obj) : error LNK2019: unresolved external symbol _xmlrpc_validate_utf8 referenced in function _stringNew
libxmlrpc.lib(xmlrpc_serialize.obj) : error LNK2001: unresolved external symbol _xmlrpc_validate_utf8
libxmlrpc.lib(xmlrpc_parse.obj) : error LNK2001: unresolved external symbol _xmlrpc_validate_utf8
libxmlrpc.lib(xmlrpc_string.obj) : error LNK2019: unresolved external symbol _xmlrpc_utf8_to_wcs referenced in function _setupWcsBlock
libxmlrpc.lib(xmlrpc_string.obj) : error LNK2019: unresolved external symbol _xmlrpc_wcs_to_utf8 referenced in function _stringWNew
libxmlrpc.lib(xmlrpc_string.obj) : error LNK2019: unresolved external symbol _xmlrpc_vasprintf referenced in function _xmlrpc_string_new_va
libxmlrpc.lib(xmlrpc_build.obj) : error LNK2019: unresolved external symbol _xmlrpc_makePrintableChar referenced in function _getValue
libxmlrpc.lib(xmlrpc_serialize.obj) : error LNK2019: unresolved external symbol _xmlrpc_base64_encode referenced in function _xmlrpc_serialize_base64_data
libxmlrpc.lib(xmlrpc_parse.obj) : error LNK2019: unresolved external symbol _xmlrpc_set_fault_formatted_v referenced in function _setParseFault
libxmlrpc.lib(parse_value.obj) : error LNK2001: unresolved external symbol _xmlrpc_set_fault_formatted_v
libxmlrpc.lib(trace.obj) : error LNK2019: unresolved external symbol _xmlrpc_makePrintable_lp referenced in function _xmlrpc_traceXml
libxmlrpc.lib(xmlrpc_expat.obj) : error LNK2019: unresolved external symbol _xmlrpc_XML_ParserCreate referenced in function _createParser
libxmlrpc.lib(xmlrpc_expat.obj) : error LNK2019: unresolved external symbol _xmlrpc_XML_SetElementHandler referenced in function _createParser
libxmlrpc.lib(xmlrpc_expat.obj) : error LNK2019: unresolved external symbol _xmlrpc_XML_SetCharacterDataHandler referenced in function _createParser
libxmlrpc.lib(xmlrpc_expat.obj) : error LNK2019: unresolved external symbol _xmlrpc_XML_SetUserData referenced in function _createParser
libxmlrpc.lib(xmlrpc_expat.obj) : error LNK2019: unresolved external symbol _xmlrpc_XML_Parse referenced in function _xml_parse
libxmlrpc.lib(xmlrpc_expat.obj) : error LNK2019: unresolved external symbol _xmlrpc_XML_GetErrorString referenced in function _xml_parse
libxmlrpc.lib(xmlrpc_expat.obj) : error LNK2019: unresolved external symbol _xmlrpc_XML_ParserFree referenced in function _destroyParser
libxmlrpc.lib(xmlrpc_expat.obj) : error LNK2019: unresolved external symbol _xmlrpc_strdupnull referenced in function _xmlElementNew
libxmlrpc.lib(parse_value.obj) : error LNK2019: unresolved external symbol _xmlrpc_base64_decode referenced in function _parseBase64
libxmlrpc.lib(parse_value.obj) : error LNK2019: unresolved external symbol _xmlrpc_parse_int64 referenced in function _parseI8
libxmlrpc_client.lib(xmlrpc_server_info.obj) : error LNK2019: unresolved external symbol _xmlrpc_base64_encode_without_newlines referenced in function _xmlrpc_server_info_set_user
C:\Users\Usuario\Desktop\RepoProgramacion\Trabajo-Integrador---POO---2024\ti_cliente\ti_cliente\Debug\cliente.exe : fatal error LNK1120: 59 unresolved externals
