c:\users\usuario\desktop\repoprogramacion\castel_poo_2024\l13784_tp3_v2\l31783_tp3\x64\debug\xmlrpc++.pdb
c:\users\usuario\desktop\repoprogramacion\castel_poo_2024\l13784_tp3_v2\l31783_tp3\x64\debug\xmlrpc++.idb
c:\users\usuario\desktop\repoprogramacion\castel_poo_2024\l13784_tp3_v2\l31783_tp3\xmlrpc++\x64\debug\xmlrpcvalue.obj
c:\users\usuario\desktop\repoprogramacion\castel_poo_2024\l13784_tp3_v2\l31783_tp3\xmlrpc++\x64\debug\xmlrpcutil.obj
c:\users\usuario\desktop\repoprogramacion\castel_poo_2024\l13784_tp3_v2\l31783_tp3\xmlrpc++\x64\debug\xmlrpcsource.obj
c:\users\usuario\desktop\repoprogramacion\castel_poo_2024\l13784_tp3_v2\l31783_tp3\xmlrpc++\x64\debug\xmlrpcsocket.obj
c:\users\usuario\desktop\repoprogramacion\castel_poo_2024\l13784_tp3_v2\l31783_tp3\xmlrpc++\x64\debug\xmlrpcservermethod.obj
c:\users\usuario\desktop\repoprogramacion\castel_poo_2024\l13784_tp3_v2\l31783_tp3\xmlrpc++\x64\debug\xmlrpcserverconnection.obj
c:\users\usuario\desktop\repoprogramacion\castel_poo_2024\l13784_tp3_v2\l31783_tp3\xmlrpc++\x64\debug\xmlrpcserver.obj
c:\users\usuario\desktop\repoprogramacion\castel_poo_2024\l13784_tp3_v2\l31783_tp3\xmlrpc++\x64\debug\xmlrpcdispatch.obj
c:\users\usuario\desktop\repoprogramacion\castel_poo_2024\l13784_tp3_v2\l31783_tp3\xmlrpc++\x64\debug\xmlrpcclient.obj
c:\users\usuario\desktop\repoprogramacion\castel_poo_2024\l13784_tp3_v2\l31783_tp3\xmlrpc++\x64\debug\get_time.obj
c:\users\usuario\desktop\repoprogramacion\castel_poo_2024\l13784_tp3_v2\l31783_tp3\x64\debug\xmlrpc++.lib
c:\users\usuario\desktop\repoprogramacion\castel_poo_2024\l13784_tp3_v2\l31783_tp3\xmlrpc++\x64\debug\xmlrpc++.tlog\cl.command.1.tlog
c:\users\usuario\desktop\repoprogramacion\castel_poo_2024\l13784_tp3_v2\l31783_tp3\xmlrpc++\x64\debug\xmlrpc++.tlog\cl.items.tlog
c:\users\usuario\desktop\repoprogramacion\castel_poo_2024\l13784_tp3_v2\l31783_tp3\xmlrpc++\x64\debug\xmlrpc++.tlog\cl.read.1.tlog
c:\users\usuario\desktop\repoprogramacion\castel_poo_2024\l13784_tp3_v2\l31783_tp3\xmlrpc++\x64\debug\xmlrpc++.tlog\cl.write.1.tlog
c:\users\usuario\desktop\repoprogramacion\castel_poo_2024\l13784_tp3_v2\l31783_tp3\xmlrpc++\x64\debug\xmlrpc++.tlog\lib-link.read.1.tlog
c:\users\usuario\desktop\repoprogramacion\castel_poo_2024\l13784_tp3_v2\l31783_tp3\xmlrpc++\x64\debug\xmlrpc++.tlog\lib-link.write.1.tlog
c:\users\usuario\desktop\repoprogramacion\castel_poo_2024\l13784_tp3_v2\l31783_tp3\xmlrpc++\x64\debug\xmlrpc++.tlog\lib.command.1.tlog
