c:\users\usuario\desktop\repoprogramacion\trabajo-integrador---poo---2024\ti_cliente_v2\ti_cliente\cliente\x64\debug\vc143.pdb
c:\users\usuario\desktop\repoprogramacion\trabajo-integrador---poo---2024\ti_cliente_v2\ti_cliente\cliente\x64\debug\vc143.idb
c:\users\usuario\desktop\repoprogramacion\trabajo-integrador---poo---2024\ti_cliente_v2\ti_cliente\cliente\x64\debug\mainmenu.obj
c:\users\usuario\desktop\repoprogramacion\trabajo-integrador---poo---2024\ti_cliente_v2\ti_cliente\cliente\x64\debug\main.obj
c:\users\usuario\desktop\repoprogramacion\trabajo-integrador---poo---2024\ti_cliente_v2\ti_cliente\cliente\x64\debug\filemanager.obj
c:\users\usuario\desktop\repoprogramacion\trabajo-integrador---poo---2024\ti_cliente_v2\ti_cliente\cliente\x64\debug\climessageview.obj
c:\users\usuario\desktop\repoprogramacion\trabajo-integrador---poo---2024\ti_cliente_v2\ti_cliente\cliente\x64\debug\cliente.obj
c:\users\usuario\desktop\repoprogramacion\trabajo-integrador---poo---2024\ti_cliente_v2\ti_cliente\cliente\x64\debug\cliente.ilk
c:\users\usuario\desktop\repoprogramacion\trabajo-integrador---poo---2024\ti_cliente_v2\ti_cliente\x64\debug\cliente.pdb
c:\users\usuario\desktop\repoprogramacion\trabajo-integrador---poo---2024\ti_cliente_v2\ti_cliente\cliente\x64\debug\cliente.tlog\cl.command.1.tlog
c:\users\usuario\desktop\repoprogramacion\trabajo-integrador---poo---2024\ti_cliente_v2\ti_cliente\cliente\x64\debug\cliente.tlog\cl.items.tlog
c:\users\usuario\desktop\repoprogramacion\trabajo-integrador---poo---2024\ti_cliente_v2\ti_cliente\cliente\x64\debug\cliente.tlog\cl.read.1.tlog
c:\users\usuario\desktop\repoprogramacion\trabajo-integrador---poo---2024\ti_cliente_v2\ti_cliente\cliente\x64\debug\cliente.tlog\cl.write.1.tlog
c:\users\usuario\desktop\repoprogramacion\trabajo-integrador---poo---2024\ti_cliente_v2\ti_cliente\cliente\x64\debug\cliente.tlog\link-cvtres.read.1.tlog
c:\users\usuario\desktop\repoprogramacion\trabajo-integrador---poo---2024\ti_cliente_v2\ti_cliente\cliente\x64\debug\cliente.tlog\link-cvtres.write.1.tlog
c:\users\usuario\desktop\repoprogramacion\trabajo-integrador---poo---2024\ti_cliente_v2\ti_cliente\cliente\x64\debug\cliente.tlog\link-rc.read.1.tlog
c:\users\usuario\desktop\repoprogramacion\trabajo-integrador---poo---2024\ti_cliente_v2\ti_cliente\cliente\x64\debug\cliente.tlog\link-rc.write.1.tlog
c:\users\usuario\desktop\repoprogramacion\trabajo-integrador---poo---2024\ti_cliente_v2\ti_cliente\cliente\x64\debug\cliente.tlog\link.33676-cvtres.read.1.tlog
c:\users\usuario\desktop\repoprogramacion\trabajo-integrador---poo---2024\ti_cliente_v2\ti_cliente\cliente\x64\debug\cliente.tlog\link.33676-cvtres.write.1.tlog
c:\users\usuario\desktop\repoprogramacion\trabajo-integrador---poo---2024\ti_cliente_v2\ti_cliente\cliente\x64\debug\cliente.tlog\link.33676-rc.read.1.tlog
c:\users\usuario\desktop\repoprogramacion\trabajo-integrador---poo---2024\ti_cliente_v2\ti_cliente\cliente\x64\debug\cliente.tlog\link.33676-rc.write.1.tlog
c:\users\usuario\desktop\repoprogramacion\trabajo-integrador---poo---2024\ti_cliente_v2\ti_cliente\cliente\x64\debug\cliente.tlog\link.33676.read.1.tlog
c:\users\usuario\desktop\repoprogramacion\trabajo-integrador---poo---2024\ti_cliente_v2\ti_cliente\cliente\x64\debug\cliente.tlog\link.33676.read.2.tlog
c:\users\usuario\desktop\repoprogramacion\trabajo-integrador---poo---2024\ti_cliente_v2\ti_cliente\cliente\x64\debug\cliente.tlog\link.33676.read.3.tlog
c:\users\usuario\desktop\repoprogramacion\trabajo-integrador---poo---2024\ti_cliente_v2\ti_cliente\cliente\x64\debug\cliente.tlog\link.33676.read.4.tlog
c:\users\usuario\desktop\repoprogramacion\trabajo-integrador---poo---2024\ti_cliente_v2\ti_cliente\cliente\x64\debug\cliente.tlog\link.33676.write.1.tlog
c:\users\usuario\desktop\repoprogramacion\trabajo-integrador---poo---2024\ti_cliente_v2\ti_cliente\cliente\x64\debug\cliente.tlog\link.command.1.tlog
c:\users\usuario\desktop\repoprogramacion\trabajo-integrador---poo---2024\ti_cliente_v2\ti_cliente\cliente\x64\debug\cliente.tlog\link.read.1.tlog
c:\users\usuario\desktop\repoprogramacion\trabajo-integrador---poo---2024\ti_cliente_v2\ti_cliente\cliente\x64\debug\cliente.tlog\link.read.2.tlog
c:\users\usuario\desktop\repoprogramacion\trabajo-integrador---poo---2024\ti_cliente_v2\ti_cliente\cliente\x64\debug\cliente.tlog\link.read.3.tlog
c:\users\usuario\desktop\repoprogramacion\trabajo-integrador---poo---2024\ti_cliente_v2\ti_cliente\cliente\x64\debug\cliente.tlog\link.read.4.tlog
c:\users\usuario\desktop\repoprogramacion\trabajo-integrador---poo---2024\ti_cliente_v2\ti_cliente\cliente\x64\debug\cliente.tlog\link.secondary.1.tlog
c:\users\usuario\desktop\repoprogramacion\trabajo-integrador---poo---2024\ti_cliente_v2\ti_cliente\cliente\x64\debug\cliente.tlog\link.write.1.tlog
